<?xml version="1.0" encoding="UTF-8"?>
<coverage generated="1548160397015" clover="3.2.0">
  <project timestamp="1548160397015" name="All files">
    <metrics statements="137" coveredstatements="63" conditionals="42" coveredconditionals="6" methods="44" coveredmethods="17" elements="223" coveredelements="86" complexity="0" loc="137" ncloc="137" packages="7" files="22" classes="22">
      <package name="src">
        <metrics statements="2" coveredstatements="2" conditionals="0" coveredconditionals="0" methods="0" coveredmethods="0"/>
        <file name="routes.jsx" path="/Users/oluwasegunadepoju/Desktop/vsc/git/helios-ah-frontend/src/routes.jsx">
          <metrics statements="1" coveredstatements="1" conditionals="0" coveredconditionals="0" methods="0" coveredmethods="0"/>
          <line num="17" count="1" type="stmt"/>
        </file>
        <file name="setupTests.js" path="/Users/oluwasegunadepoju/Desktop/vsc/git/helios-ah-frontend/src/setupTests.js">
          <metrics statements="1" coveredstatements="1" conditionals="0" coveredconditionals="0" methods="0" coveredmethods="0"/>
          <line num="4" count="8" type="stmt"/>
        </file>
      </package>
      <package name="src.actionTypes">
        <metrics statements="4" coveredstatements="4" conditionals="0" coveredconditionals="0" methods="0" coveredmethods="0"/>
        <file name="index.js" path="/Users/oluwasegunadepoju/Desktop/vsc/git/helios-ah-frontend/src/actionTypes/index.js">
          <metrics statements="4" coveredstatements="4" conditionals="0" coveredconditionals="0" methods="0" coveredmethods="0"/>
          <line num="1" count="3" type="stmt"/>
          <line num="2" count="3" type="stmt"/>
          <line num="3" count="3" type="stmt"/>
          <line num="4" count="3" type="stmt"/>
        </file>
      </package>
      <package name="src.actions">
        <metrics statements="8" coveredstatements="5" conditionals="2" coveredconditionals="0" methods="3" coveredmethods="3"/>
        <file name="signupActions.js" path="/Users/oluwasegunadepoju/Desktop/vsc/git/helios-ah-frontend/src/actions/signupActions.js">
          <metrics statements="8" coveredstatements="5" conditionals="2" coveredconditionals="0" methods="3" coveredmethods="3"/>
          <line num="4" count="2" type="stmt"/>
          <line num="8" count="2" type="stmt"/>
          <line num="9" count="2" type="stmt"/>
          <line num="10" count="2" type="stmt"/>
          <line num="11" count="2" type="stmt"/>
          <line num="13" count="0" type="cond" truecount="0" falsecount="2"/>
          <line num="14" count="0" type="stmt"/>
          <line num="19" count="0" type="stmt"/>
        </file>
      </package>
      <package name="src.components">
        <metrics statements="22" coveredstatements="21" conditionals="0" coveredconditionals="0" methods="7" coveredmethods="6"/>
        <file name="App.jsx" path="/Users/oluwasegunadepoju/Desktop/vsc/git/helios-ah-frontend/src/components/App.jsx">
          <metrics statements="2" coveredstatements="2" conditionals="0" coveredconditionals="0" methods="1" coveredmethods="1"/>
          <line num="4" count="1" type="stmt"/>
          <line num="5" count="1" type="stmt"/>
        </file>
        <file name="Button.jsx" path="/Users/oluwasegunadepoju/Desktop/vsc/git/helios-ah-frontend/src/components/Button.jsx">
          <metrics statements="4" coveredstatements="4" conditionals="0" coveredconditionals="0" methods="1" coveredmethods="1"/>
          <line num="4" count="3" type="stmt"/>
          <line num="12" count="1" type="stmt"/>
          <line num="27" count="3" type="stmt"/>
          <line num="36" count="3" type="stmt"/>
        </file>
        <file name="FormInput.jsx" path="/Users/oluwasegunadepoju/Desktop/vsc/git/helios-ah-frontend/src/components/FormInput.jsx">
          <metrics statements="4" coveredstatements="4" conditionals="0" coveredconditionals="0" methods="1" coveredmethods="1"/>
          <line num="4" count="4" type="stmt"/>
          <line num="7" count="1" type="stmt"/>
          <line num="20" count="4" type="stmt"/>
          <line num="29" count="4" type="stmt"/>
        </file>
        <file name="Links.jsx" path="/Users/oluwasegunadepoju/Desktop/vsc/git/helios-ah-frontend/src/components/Links.jsx">
          <metrics statements="2" coveredstatements="1" conditionals="0" coveredconditionals="0" methods="1" coveredmethods="0"/>
          <line num="4" count="1" type="stmt"/>
          <line num="5" count="0" type="stmt"/>
        </file>
        <file name="ResetPasswordForm.jsx" path="/Users/oluwasegunadepoju/Desktop/vsc/git/helios-ah-frontend/src/components/ResetPasswordForm.jsx">
          <metrics statements="3" coveredstatements="3" conditionals="0" coveredconditionals="0" methods="1" coveredmethods="1"/>
          <line num="7" count="3" type="stmt"/>
          <line num="13" count="5" type="stmt"/>
          <line num="53" count="3" type="stmt"/>
        </file>
        <file name="SignupForm.jsx" path="/Users/oluwasegunadepoju/Desktop/vsc/git/helios-ah-frontend/src/components/SignupForm.jsx">
          <metrics statements="3" coveredstatements="3" conditionals="0" coveredconditionals="0" methods="1" coveredmethods="1"/>
          <line num="7" count="2" type="stmt"/>
          <line num="18" count="4" type="stmt"/>
          <line num="107" count="2" type="stmt"/>
        </file>
        <file name="SubmitButton.jsx" path="/Users/oluwasegunadepoju/Desktop/vsc/git/helios-ah-frontend/src/components/SubmitButton.jsx">
          <metrics statements="4" coveredstatements="4" conditionals="0" coveredconditionals="0" methods="1" coveredmethods="1"/>
          <line num="4" count="5" type="stmt"/>
          <line num="12" count="2" type="stmt"/>
          <line num="27" count="5" type="stmt"/>
          <line num="36" count="5" type="stmt"/>
        </file>
      </package>
      <package name="src.reducers">
        <metrics statements="3" coveredstatements="3" conditionals="3" coveredconditionals="3" methods="1" coveredmethods="1"/>
        <file name="signupReducer.js" path="/Users/oluwasegunadepoju/Desktop/vsc/git/helios-ah-frontend/src/reducers/signupReducer.js">
          <metrics statements="3" coveredstatements="3" conditionals="3" coveredconditionals="3" methods="1" coveredmethods="1"/>
          <line num="6" count="2" type="cond" truecount="2" falsecount="0"/>
          <line num="8" count="1" type="stmt"/>
          <line num="14" count="1" type="stmt"/>
        </file>
      </package>
      <package name="src.utilities">
        <metrics statements="30" coveredstatements="11" conditionals="16" coveredconditionals="2" methods="6" coveredmethods="1"/>
        <file name="apiRequests.js" path="/Users/oluwasegunadepoju/Desktop/vsc/git/helios-ah-frontend/src/utilities/apiRequests.js">
          <metrics statements="21" coveredstatements="9" conditionals="10" coveredconditionals="2" methods="4" coveredmethods="1"/>
          <line num="3" count="3" type="cond" truecount="1" falsecount="1"/>
          <line num="6" count="3" type="stmt"/>
          <line num="7" count="0" type="stmt"/>
          <line num="8" count="0" type="stmt"/>
          <line num="9" count="0" type="stmt"/>
          <line num="11" count="0" type="cond" truecount="0" falsecount="2"/>
          <line num="15" count="3" type="stmt"/>
          <line num="16" count="2" type="stmt"/>
          <line num="17" count="2" type="stmt"/>
          <line num="18" count="1" type="stmt"/>
          <line num="20" count="1" type="cond" truecount="1" falsecount="1"/>
          <line num="24" count="3" type="stmt"/>
          <line num="25" count="0" type="stmt"/>
          <line num="26" count="0" type="stmt"/>
          <line num="27" count="0" type="stmt"/>
          <line num="29" count="0" type="cond" truecount="0" falsecount="2"/>
          <line num="33" count="3" type="stmt"/>
          <line num="34" count="0" type="stmt"/>
          <line num="35" count="0" type="stmt"/>
          <line num="36" count="0" type="stmt"/>
          <line num="38" count="0" type="cond" truecount="0" falsecount="2"/>
        </file>
        <file name="attachAuth.js" path="/Users/oluwasegunadepoju/Desktop/vsc/git/helios-ah-frontend/src/utilities/attachAuth.js">
          <metrics statements="7" coveredstatements="1" conditionals="4" coveredconditionals="0" methods="1" coveredmethods="0"/>
          <line num="8" count="1" type="stmt"/>
          <line num="9" count="0" type="stmt"/>
          <line num="10" count="0" type="cond" truecount="0" falsecount="2"/>
          <line num="12" count="0" type="cond" truecount="0" falsecount="2"/>
          <line num="13" count="0" type="stmt"/>
          <line num="15" count="0" type="stmt"/>
          <line num="18" count="0" type="stmt"/>
        </file>
        <file name="index.js" path="/Users/oluwasegunadepoju/Desktop/vsc/git/helios-ah-frontend/src/utilities/index.js">
          <metrics statements="0" coveredstatements="0" conditionals="0" coveredconditionals="0" methods="0" coveredmethods="0"/>
        </file>
        <file name="toastrUtil.js" path="/Users/oluwasegunadepoju/Desktop/vsc/git/helios-ah-frontend/src/utilities/toastrUtil.js">
          <metrics statements="2" coveredstatements="1" conditionals="2" coveredconditionals="0" methods="1" coveredmethods="0"/>
          <line num="10" count="1" type="stmt"/>
          <line num="11" count="0" type="cond" truecount="0" falsecount="2"/>
        </file>
      </package>
      <package name="src.views">
        <metrics statements="68" coveredstatements="17" conditionals="21" coveredconditionals="1" methods="27" coveredmethods="6"/>
        <file name="CompleteRegistration.jsx" path="/Users/oluwasegunadepoju/Desktop/vsc/git/helios-ah-frontend/src/views/CompleteRegistration.jsx">
          <metrics statements="22" coveredstatements="3" conditionals="6" coveredconditionals="0" methods="10" coveredmethods="0"/>
          <line num="13" count="0" type="stmt"/>
          <line num="14" count="0" type="cond" truecount="0" falsecount="2"/>
          <line num="15" count="0" type="stmt"/>
          <line num="17" count="0" type="stmt"/>
          <line num="21" count="0" type="stmt"/>
          <line num="22" count="0" type="stmt"/>
          <line num="23" count="0" type="stmt"/>
          <line num="24" count="0" type="cond" truecount="0" falsecount="2"/>
          <line num="25" count="0" type="stmt"/>
          <line num="26" count="0" type="stmt"/>
          <line num="27" count="0" type="stmt"/>
          <line num="29" count="0" type="cond" truecount="0" falsecount="2"/>
          <line num="30" count="0" type="stmt"/>
          <line num="34" count="0" type="stmt"/>
          <line num="38" count="0" type="stmt"/>
          <line num="42" count="0" type="stmt"/>
          <line num="47" count="0" type="stmt"/>
          <line num="48" count="0" type="stmt"/>
          <line num="55" count="1" type="stmt"/>
          <line num="59" count="1" type="stmt"/>
          <line num="60" count="0" type="stmt"/>
          <line num="63" count="1" type="stmt"/>
        </file>
        <file name="HomePage.jsx" path="/Users/oluwasegunadepoju/Desktop/vsc/git/helios-ah-frontend/src/views/HomePage.jsx">
          <metrics statements="2" coveredstatements="1" conditionals="0" coveredconditionals="0" methods="1" coveredmethods="0"/>
          <line num="4" count="1" type="stmt"/>
          <line num="5" count="0" type="stmt"/>
        </file>
        <file name="LoginPage.jsx" path="/Users/oluwasegunadepoju/Desktop/vsc/git/helios-ah-frontend/src/views/LoginPage.jsx">
          <metrics statements="2" coveredstatements="1" conditionals="0" coveredconditionals="0" methods="1" coveredmethods="0"/>
          <line num="4" count="1" type="stmt"/>
          <line num="5" count="0" type="stmt"/>
        </file>
        <file name="ResetPassword.jsx" path="/Users/oluwasegunadepoju/Desktop/vsc/git/helios-ah-frontend/src/views/ResetPassword.jsx">
          <metrics statements="19" coveredstatements="10" conditionals="11" coveredconditionals="1" methods="7" coveredmethods="6"/>
          <line num="7" count="2" type="stmt"/>
          <line num="8" count="2" type="stmt"/>
          <line num="9" count="2" type="stmt"/>
          <line num="10" count="2" type="stmt"/>
          <line num="17" count="1" type="stmt"/>
          <line num="18" count="0" type="stmt"/>
          <line num="20" count="0" type="stmt"/>
          <line num="24" count="0" type="cond" truecount="0" falsecount="2"/>
          <line num="28" count="0" type="stmt"/>
          <line num="29" count="0" type="stmt"/>
          <line num="31" count="0" type="cond" truecount="0" falsecount="4"/>
          <line num="39" count="0" type="stmt"/>
          <line num="40" count="0" type="stmt"/>
          <line num="41" count="0" type="stmt"/>
          <line num="45" count="1" type="stmt"/>
          <line num="46" count="1" type="stmt"/>
          <line num="50" count="1" type="stmt"/>
          <line num="54" count="2" type="stmt"/>
          <line num="58" count="2" type="stmt"/>
        </file>
        <file name="SignupPage.jsx" path="/Users/oluwasegunadepoju/Desktop/vsc/git/helios-ah-frontend/src/views/SignupPage.jsx">
          <metrics statements="23" coveredstatements="2" conditionals="4" coveredconditionals="0" methods="8" coveredmethods="0"/>
          <line num="10" count="0" type="stmt"/>
          <line num="11" count="0" type="stmt"/>
          <line num="19" count="0" type="stmt"/>
          <line num="20" count="0" type="stmt"/>
          <line num="24" count="0" type="stmt"/>
          <line num="28" count="0" type="stmt"/>
          <line num="31" count="0" type="stmt"/>
          <line num="32" count="0" type="stmt"/>
          <line num="33" count="0" type="cond" truecount="0" falsecount="2"/>
          <line num="34" count="0" type="stmt"/>
          <line num="36" count="0" type="stmt"/>
          <line num="37" count="0" type="stmt"/>
          <line num="40" count="0" type="cond" truecount="0" falsecount="2"/>
          <line num="41" count="0" type="stmt"/>
          <line num="42" count="0" type="stmt"/>
          <line num="44" count="0" type="stmt"/>
          <line num="45" count="0" type="stmt"/>
          <line num="47" count="0" type="stmt"/>
          <line num="48" count="0" type="stmt"/>
          <line num="53" count="0" type="stmt"/>
          <line num="63" count="1" type="stmt"/>
          <line num="67" count="1" type="stmt"/>
          <line num="68" count="0" type="stmt"/>
        </file>
        <file name="index.js" path="/Users/oluwasegunadepoju/Desktop/vsc/git/helios-ah-frontend/src/views/index.js">
          <metrics statements="0" coveredstatements="0" conditionals="0" coveredconditionals="0" methods="0" coveredmethods="0"/>
        </file>
      </package>
    </metrics>
  </project>
</coverage>
