{"/Users/anthonynwosu/Desktop/helios-ah-frontend/src/routes.jsx": {"path":"/Users/anthonynwosu/Desktop/helios-ah-frontend/src/routes.jsx","statementMap":{"0":{"start":{"line":15,"column":2},"end":{"line":21,"column":18}}},"fnMap":{},"branchMap":{},"s":{"0":1},"f":{},"b":{},"_coverageSchema":"332fd63041d2c1bcb487cc26dd0d5f7d97098a6c","hash":"385bc1e724a01dee77161419fb350fbc88e07878"}
,"/Users/anthonynwosu/Desktop/helios-ah-frontend/src/setupTests.js": {"path":"/Users/anthonynwosu/Desktop/helios-ah-frontend/src/setupTests.js","statementMap":{"0":{"start":{"line":4,"column":0},"end":{"line":4,"column":38}}},"fnMap":{},"branchMap":{},"s":{"0":12},"f":{},"b":{},"_coverageSchema":"332fd63041d2c1bcb487cc26dd0d5f7d97098a6c","hash":"00b5adf228ad0d6a4f3ac052bc6631f1b88d0331"}
,"/Users/anthonynwosu/Desktop/helios-ah-frontend/src/actionTypes/index.js": {"path":"/Users/anthonynwosu/Desktop/helios-ah-frontend/src/actionTypes/index.js","statementMap":{"0":{"start":{"line":1,"column":32},"end":{"line":1,"column":50}},"1":{"start":{"line":2,"column":33},"end":{"line":2,"column":52}},"2":{"start":{"line":3,"column":36},"end":{"line":3,"column":58}},"3":{"start":{"line":4,"column":36},"end":{"line":4,"column":58}},"4":{"start":{"line":5,"column":27},"end":{"line":5,"column":40}},"5":{"start":{"line":6,"column":35},"end":{"line":6,"column":56}}},"fnMap":{},"branchMap":{},"s":{"0":7,"1":7,"2":7,"3":7,"4":7,"5":7},"f":{},"b":{},"_coverageSchema":"332fd63041d2c1bcb487cc26dd0d5f7d97098a6c","hash":"2e69ed1820d304c0baa19faccfeac2d8acb17bdf"}
,"/Users/anthonynwosu/Desktop/helios-ah-frontend/src/actions/flashActions.js": {"path":"/Users/anthonynwosu/Desktop/helios-ah-frontend/src/actions/flashActions.js","statementMap":{"0":{"start":{"line":8,"column":31},"end":{"line":11,"column":2}},"1":{"start":{"line":8,"column":43},"end":{"line":11,"column":1}},"2":{"start":{"line":13,"column":34},"end":{"line":16,"column":2}},"3":{"start":{"line":13,"column":41},"end":{"line":16,"column":1}},"4":{"start":{"line":19,"column":34},"end":{"line":21,"column":2}},"5":{"start":{"line":19,"column":41},"end":{"line":21,"column":1}}},"fnMap":{"0":{"name":"(anonymous_0)","decl":{"start":{"line":8,"column":31},"end":{"line":8,"column":32}},"loc":{"start":{"line":8,"column":43},"end":{"line":11,"column":1}},"line":8},"1":{"name":"(anonymous_1)","decl":{"start":{"line":13,"column":34},"end":{"line":13,"column":35}},"loc":{"start":{"line":13,"column":41},"end":{"line":16,"column":1}},"line":13},"2":{"name":"(anonymous_2)","decl":{"start":{"line":19,"column":34},"end":{"line":19,"column":35}},"loc":{"start":{"line":19,"column":41},"end":{"line":21,"column":1}},"line":19}},"branchMap":{},"s":{"0":4,"1":1,"2":4,"3":1,"4":4,"5":1},"f":{"0":1,"1":1,"2":1},"b":{},"_coverageSchema":"332fd63041d2c1bcb487cc26dd0d5f7d97098a6c","hash":"2625463957fc1abe9547c8084ecde701d23d436f"}
,"/Users/anthonynwosu/Desktop/helios-ah-frontend/src/actions/loginActions.js": {"path":"/Users/anthonynwosu/Desktop/helios-ah-frontend/src/actions/loginActions.js","statementMap":{"0":{"start":{"line":8,"column":30},"end":{"line":11,"column":2}},"1":{"start":{"line":8,"column":39},"end":{"line":11,"column":1}},"2":{"start":{"line":13,"column":28},"end":{"line":37,"column":1}},"3":{"start":{"line":14,"column":19},"end":{"line":17,"column":3}},"4":{"start":{"line":18,"column":2},"end":{"line":36,"column":4}},"5":{"start":{"line":20,"column":4},"end":{"line":35,"column":5}},"6":{"start":{"line":21,"column":6},"end":{"line":26,"column":9}},"7":{"start":{"line":27,"column":24},"end":{"line":27,"column":54}},"8":{"start":{"line":28,"column":27},"end":{"line":28,"column":58}},"9":{"start":{"line":29,"column":6},"end":{"line":29,"column":46}},"10":{"start":{"line":30,"column":6},"end":{"line":30,"column":35}},"11":{"start":{"line":31,"column":6},"end":{"line":31,"column":45}},"12":{"start":{"line":32,"column":6},"end":{"line":32,"column":27}},"13":{"start":{"line":34,"column":6},"end":{"line":34,"column":28}}},"fnMap":{"0":{"name":"(anonymous_0)","decl":{"start":{"line":8,"column":30},"end":{"line":8,"column":31}},"loc":{"start":{"line":8,"column":39},"end":{"line":11,"column":1}},"line":8},"1":{"name":"(anonymous_1)","decl":{"start":{"line":13,"column":28},"end":{"line":13,"column":29}},"loc":{"start":{"line":13,"column":42},"end":{"line":37,"column":1}},"line":13},"2":{"name":"(anonymous_2)","decl":{"start":{"line":18,"column":9},"end":{"line":18,"column":10}},"loc":{"start":{"line":18,"column":29},"end":{"line":36,"column":3}},"line":18}},"branchMap":{},"s":{"0":2,"1":1,"2":2,"3":1,"4":1,"5":1,"6":1,"7":1,"8":1,"9":1,"10":1,"11":1,"12":1,"13":0},"f":{"0":1,"1":1,"2":1},"b":{},"_coverageSchema":"332fd63041d2c1bcb487cc26dd0d5f7d97098a6c","hash":"a92e655d8a7ca5c8c8c22a1e365f44956628d057"}
,"/Users/anthonynwosu/Desktop/helios-ah-frontend/src/actions/signupActions.js": {"path":"/Users/anthonynwosu/Desktop/helios-ah-frontend/src/actions/signupActions.js","statementMap":{"0":{"start":{"line":4,"column":29},"end":{"line":7,"column":2}},"1":{"start":{"line":4,"column":42},"end":{"line":7,"column":1}},"2":{"start":{"line":8,"column":26},"end":{"line":21,"column":1}},"3":{"start":{"line":8,"column":41},"end":{"line":21,"column":1}},"4":{"start":{"line":9,"column":2},"end":{"line":20,"column":3}},"5":{"start":{"line":10,"column":21},"end":{"line":10,"column":60}},"6":{"start":{"line":11,"column":4},"end":{"line":11,"column":20}},"7":{"start":{"line":13,"column":4},"end":{"line":18,"column":5}},"8":{"start":{"line":14,"column":6},"end":{"line":17,"column":8}},"9":{"start":{"line":19,"column":4},"end":{"line":19,"column":17}}},"fnMap":{"0":{"name":"(anonymous_0)","decl":{"start":{"line":4,"column":29},"end":{"line":4,"column":30}},"loc":{"start":{"line":4,"column":42},"end":{"line":7,"column":1}},"line":4},"1":{"name":"(anonymous_1)","decl":{"start":{"line":8,"column":26},"end":{"line":8,"column":27}},"loc":{"start":{"line":8,"column":41},"end":{"line":21,"column":1}},"line":8},"2":{"name":"(anonymous_2)","decl":{"start":{"line":8,"column":41},"end":{"line":8,"column":42}},"loc":{"start":{"line":8,"column":53},"end":{"line":21,"column":1}},"line":8}},"branchMap":{"0":{"loc":{"start":{"line":13,"column":4},"end":{"line":18,"column":5}},"type":"if","locations":[{"start":{"line":13,"column":4},"end":{"line":18,"column":5}},{"start":{"line":13,"column":4},"end":{"line":18,"column":5}}],"line":13}},"s":{"0":2,"1":1,"2":2,"3":2,"4":2,"5":2,"6":2,"7":0,"8":0,"9":0},"f":{"0":1,"1":2,"2":2},"b":{"0":[0,0]},"_coverageSchema":"332fd63041d2c1bcb487cc26dd0d5f7d97098a6c","hash":"599a9522125ba3af20e32d70ab824e269a289246"}
,"/Users/anthonynwosu/Desktop/helios-ah-frontend/src/components/App.jsx": {"path":"/Users/anthonynwosu/Desktop/helios-ah-frontend/src/components/App.jsx","statementMap":{"0":{"start":{"line":4,"column":12},"end":{"line":8,"column":1}},"1":{"start":{"line":5,"column":2},"end":{"line":7,"column":8}}},"fnMap":{"0":{"name":"(anonymous_0)","decl":{"start":{"line":4,"column":12},"end":{"line":4,"column":13}},"loc":{"start":{"line":5,"column":2},"end":{"line":7,"column":8}},"line":5}},"branchMap":{},"s":{"0":1,"1":0},"f":{"0":0},"b":{},"_coverageSchema":"332fd63041d2c1bcb487cc26dd0d5f7d97098a6c","hash":"7da361f3c3c0d04bb5926ed5b6632376e35908ff"}
,"/Users/anthonynwosu/Desktop/helios-ah-frontend/src/components/Button.jsx": {"path":"/Users/anthonynwosu/Desktop/helios-ah-frontend/src/components/Button.jsx","statementMap":{"0":{"start":{"line":4,"column":15},"end":{"line":25,"column":1}},"1":{"start":{"line":12,"column":2},"end":{"line":24,"column":8}},"2":{"start":{"line":27,"column":0},"end":{"line":34,"column":2}}},"fnMap":{"0":{"name":"(anonymous_0)","decl":{"start":{"line":4,"column":15},"end":{"line":4,"column":16}},"loc":{"start":{"line":12,"column":2},"end":{"line":24,"column":8}},"line":12}},"branchMap":{},"s":{"0":4,"1":1,"2":4},"f":{"0":1},"b":{},"_coverageSchema":"332fd63041d2c1bcb487cc26dd0d5f7d97098a6c","hash":"ef3135212222b092fb280372feb0b8a4b02e398a"}
,"/Users/anthonynwosu/Desktop/helios-ah-frontend/src/components/FlashMessage.jsx": {"path":"/Users/anthonynwosu/Desktop/helios-ah-frontend/src/components/FlashMessage.jsx","statementMap":{"0":{"start":{"line":11,"column":8},"end":{"line":11,"column":18}},"1":{"start":{"line":12,"column":4},"end":{"line":12,"column":28}},"2":{"start":{"line":22,"column":8},"end":{"line":22,"column":18}},"3":{"start":{"line":23,"column":33},"end":{"line":23,"column":43}},"4":{"start":{"line":24,"column":4},"end":{"line":29,"column":5}},"5":{"start":{"line":24,"column":26},"end":{"line":24,"column":79}},"6":{"start":{"line":25,"column":9},"end":{"line":29,"column":5}},"7":{"start":{"line":26,"column":6},"end":{"line":26,"column":60}},"8":{"start":{"line":27,"column":11},"end":{"line":29,"column":5}},"9":{"start":{"line":28,"column":6},"end":{"line":28,"column":60}},"10":{"start":{"line":31,"column":4},"end":{"line":43,"column":6}},"11":{"start":{"line":47,"column":0},"end":{"line":54,"column":2}},"12":{"start":{"line":56,"column":0},"end":{"line":59,"column":2}},"13":{"start":{"line":58,"column":29},"end":{"line":58,"column":33}}},"fnMap":{"0":{"name":"(anonymous_0)","decl":{"start":{"line":5,"column":18},"end":{"line":5,"column":19}},"loc":{"start":{"line":5,"column":24},"end":{"line":13,"column":3}},"line":5},"1":{"name":"(anonymous_1)","decl":{"start":{"line":15,"column":2},"end":{"line":15,"column":3}},"loc":{"start":{"line":15,"column":11},"end":{"line":44,"column":3}},"line":15},"2":{"name":"(anonymous_2)","decl":{"start":{"line":58,"column":23},"end":{"line":58,"column":24}},"loc":{"start":{"line":58,"column":29},"end":{"line":58,"column":33}},"line":58}},"branchMap":{"0":{"loc":{"start":{"line":24,"column":4},"end":{"line":29,"column":5}},"type":"if","locations":[{"start":{"line":24,"column":4},"end":{"line":29,"column":5}},{"start":{"line":24,"column":4},"end":{"line":29,"column":5}}],"line":24},"1":{"loc":{"start":{"line":25,"column":9},"end":{"line":29,"column":5}},"type":"if","locations":[{"start":{"line":25,"column":9},"end":{"line":29,"column":5}},{"start":{"line":25,"column":9},"end":{"line":29,"column":5}}],"line":25},"2":{"loc":{"start":{"line":27,"column":11},"end":{"line":29,"column":5}},"type":"if","locations":[{"start":{"line":27,"column":11},"end":{"line":29,"column":5}},{"start":{"line":27,"column":11},"end":{"line":29,"column":5}}],"line":27}},"s":{"0":1,"1":1,"2":5,"3":5,"4":5,"5":3,"6":2,"7":1,"8":1,"9":1,"10":5,"11":4,"12":4,"13":1},"f":{"0":1,"1":5,"2":1},"b":{"0":[3,2],"1":[1,1],"2":[1,0]},"_coverageSchema":"332fd63041d2c1bcb487cc26dd0d5f7d97098a6c","hash":"e39ebc2f350457789a407f8849d6c4612fcc052f"}
,"/Users/anthonynwosu/Desktop/helios-ah-frontend/src/components/FlashMessagesList.jsx": {"path":"/Users/anthonynwosu/Desktop/helios-ah-frontend/src/components/FlashMessagesList.jsx","statementMap":{"0":{"start":{"line":8,"column":32},"end":{"line":24,"column":1}},"1":{"start":{"line":9,"column":62},"end":{"line":9,"column":67}},"2":{"start":{"line":10,"column":26},"end":{"line":17,"column":4}},"3":{"start":{"line":11,"column":4},"end":{"line":16,"column":6}},"4":{"start":{"line":18,"column":2},"end":{"line":23,"column":4}},"5":{"start":{"line":26,"column":0},"end":{"line":33,"column":2}},"6":{"start":{"line":35,"column":0},"end":{"line":37,"column":2}},"7":{"start":{"line":39,"column":31},"end":{"line":41,"column":2}},"8":{"start":{"line":39,"column":41},"end":{"line":41,"column":1}},"9":{"start":{"line":43,"column":27},"end":{"line":45,"column":1}}},"fnMap":{"0":{"name":"(anonymous_0)","decl":{"start":{"line":8,"column":32},"end":{"line":8,"column":33}},"loc":{"start":{"line":8,"column":43},"end":{"line":24,"column":1}},"line":8},"1":{"name":"(anonymous_1)","decl":{"start":{"line":10,"column":39},"end":{"line":10,"column":40}},"loc":{"start":{"line":11,"column":4},"end":{"line":16,"column":6}},"line":11},"2":{"name":"(anonymous_2)","decl":{"start":{"line":39,"column":31},"end":{"line":39,"column":32}},"loc":{"start":{"line":39,"column":41},"end":{"line":41,"column":1}},"line":39}},"branchMap":{},"s":{"0":3,"1":0,"2":0,"3":0,"4":0,"5":3,"6":3,"7":3,"8":1,"9":3},"f":{"0":0,"1":0,"2":1},"b":{},"_coverageSchema":"332fd63041d2c1bcb487cc26dd0d5f7d97098a6c","hash":"155432b40b335747560641439beb32e4ae98d37b"}
,"/Users/anthonynwosu/Desktop/helios-ah-frontend/src/components/FormInput.jsx": {"path":"/Users/anthonynwosu/Desktop/helios-ah-frontend/src/components/FormInput.jsx","statementMap":{"0":{"start":{"line":4,"column":18},"end":{"line":18,"column":1}},"1":{"start":{"line":7,"column":2},"end":{"line":17,"column":8}},"2":{"start":{"line":20,"column":0},"end":{"line":27,"column":2}}},"fnMap":{"0":{"name":"(anonymous_0)","decl":{"start":{"line":4,"column":18},"end":{"line":4,"column":19}},"loc":{"start":{"line":7,"column":2},"end":{"line":17,"column":8}},"line":7}},"branchMap":{},"s":{"0":2,"1":0,"2":2},"f":{"0":0},"b":{},"_coverageSchema":"332fd63041d2c1bcb487cc26dd0d5f7d97098a6c","hash":"99769f8557269952d45d06cd94e3cdb11ddab055"}
,"/Users/anthonynwosu/Desktop/helios-ah-frontend/src/components/LinkButton.jsx": {"path":"/Users/anthonynwosu/Desktop/helios-ah-frontend/src/components/LinkButton.jsx","statementMap":{"0":{"start":{"line":6,"column":19},"end":{"line":25,"column":1}},"1":{"start":{"line":15,"column":6},"end":{"line":15,"column":11}},"2":{"start":{"line":16,"column":2},"end":{"line":24,"column":4}},"3":{"start":{"line":20,"column":8},"end":{"line":20,"column":39}},"4":{"start":{"line":21,"column":8},"end":{"line":21,"column":25}},"5":{"start":{"line":27,"column":0},"end":{"line":35,"column":2}},"6":{"start":{"line":37,"column":0},"end":{"line":39,"column":2}}},"fnMap":{"0":{"name":"(anonymous_0)","decl":{"start":{"line":6,"column":19},"end":{"line":6,"column":20}},"loc":{"start":{"line":6,"column":30},"end":{"line":25,"column":1}},"line":6},"1":{"name":"(anonymous_1)","decl":{"start":{"line":19,"column":15},"end":{"line":19,"column":16}},"loc":{"start":{"line":19,"column":26},"end":{"line":22,"column":7}},"line":19},"2":{"name":"(anonymous_2)","decl":{"start":{"line":38,"column":11},"end":{"line":38,"column":12}},"loc":{"start":{"line":38,"column":17},"end":{"line":38,"column":19}},"line":38}},"branchMap":{"0":{"loc":{"start":{"line":20,"column":8},"end":{"line":20,"column":39}},"type":"if","locations":[{"start":{"line":20,"column":8},"end":{"line":20,"column":39}},{"start":{"line":20,"column":8},"end":{"line":20,"column":39}}],"line":20},"1":{"loc":{"start":{"line":20,"column":12},"end":{"line":20,"column":37}},"type":"binary-expr","locations":[{"start":{"line":20,"column":12},"end":{"line":20,"column":19}},{"start":{"line":20,"column":23},"end":{"line":20,"column":37}}],"line":20}},"s":{"0":2,"1":0,"2":0,"3":0,"4":0,"5":2,"6":2},"f":{"0":0,"1":0,"2":0},"b":{"0":[0,0],"1":[0,0]},"_coverageSchema":"332fd63041d2c1bcb487cc26dd0d5f7d97098a6c","hash":"290122488791e22b0e021967657cbde943af2b8d"}
,"/Users/anthonynwosu/Desktop/helios-ah-frontend/src/components/Links.jsx": {"path":"/Users/anthonynwosu/Desktop/helios-ah-frontend/src/components/Links.jsx","statementMap":{"0":{"start":{"line":4,"column":14},"end":{"line":9,"column":1}},"1":{"start":{"line":5,"column":2},"end":{"line":8,"column":7}}},"fnMap":{"0":{"name":"(anonymous_0)","decl":{"start":{"line":4,"column":14},"end":{"line":4,"column":15}},"loc":{"start":{"line":5,"column":2},"end":{"line":8,"column":7}},"line":5}},"branchMap":{},"s":{"0":1,"1":0},"f":{"0":0},"b":{},"_coverageSchema":"332fd63041d2c1bcb487cc26dd0d5f7d97098a6c","hash":"558b9368c456403632a6a7d3ef3c172de92e4e79"}
,"/Users/anthonynwosu/Desktop/helios-ah-frontend/src/components/LoginForm.jsx": {"path":"/Users/anthonynwosu/Desktop/helios-ah-frontend/src/components/LoginForm.jsx","statementMap":{"0":{"start":{"line":10,"column":18},"end":{"line":86,"column":1}},"1":{"start":{"line":20,"column":2},"end":{"line":85,"column":8}},"2":{"start":{"line":88,"column":0},"end":{"line":98,"column":2}}},"fnMap":{"0":{"name":"(anonymous_0)","decl":{"start":{"line":10,"column":18},"end":{"line":10,"column":19}},"loc":{"start":{"line":20,"column":2},"end":{"line":85,"column":8}},"line":20}},"branchMap":{"0":{"loc":{"start":{"line":35,"column":19},"end":{"line":35,"column":41}},"type":"binary-expr","locations":[{"start":{"line":35,"column":19},"end":{"line":35,"column":25}},{"start":{"line":35,"column":29},"end":{"line":35,"column":41}}],"line":35},"1":{"loc":{"start":{"line":46,"column":19},"end":{"line":46,"column":44}},"type":"binary-expr","locations":[{"start":{"line":46,"column":19},"end":{"line":46,"column":25}},{"start":{"line":46,"column":29},"end":{"line":46,"column":44}}],"line":46}},"s":{"0":2,"1":1,"2":2},"f":{"0":1},"b":{"0":[1,0],"1":[1,0]},"_coverageSchema":"332fd63041d2c1bcb487cc26dd0d5f7d97098a6c","hash":"4ad79d3070119b3f8002954fea87b7b2dc9e8905"}
,"/Users/anthonynwosu/Desktop/helios-ah-frontend/src/components/SignupForm.jsx": {"path":"/Users/anthonynwosu/Desktop/helios-ah-frontend/src/components/SignupForm.jsx","statementMap":{"0":{"start":{"line":7,"column":19},"end":{"line":105,"column":1}},"1":{"start":{"line":18,"column":2},"end":{"line":104,"column":8}},"2":{"start":{"line":107,"column":0},"end":{"line":117,"column":2}}},"fnMap":{"0":{"name":"(anonymous_0)","decl":{"start":{"line":7,"column":19},"end":{"line":7,"column":20}},"loc":{"start":{"line":18,"column":2},"end":{"line":104,"column":8}},"line":18}},"branchMap":{},"s":{"0":2,"1":4,"2":2},"f":{"0":4},"b":{},"_coverageSchema":"332fd63041d2c1bcb487cc26dd0d5f7d97098a6c","hash":"9bb069da839009d6fe6fab8a8bc79f1c10cf4c91"}
,"/Users/anthonynwosu/Desktop/helios-ah-frontend/src/components/SubmitButton.jsx": {"path":"/Users/anthonynwosu/Desktop/helios-ah-frontend/src/components/SubmitButton.jsx","statementMap":{"0":{"start":{"line":4,"column":21},"end":{"line":25,"column":1}},"1":{"start":{"line":12,"column":2},"end":{"line":24,"column":8}},"2":{"start":{"line":27,"column":0},"end":{"line":34,"column":2}},"3":{"start":{"line":36,"column":0},"end":{"line":40,"column":2}}},"fnMap":{"0":{"name":"(anonymous_0)","decl":{"start":{"line":4,"column":21},"end":{"line":4,"column":22}},"loc":{"start":{"line":12,"column":2},"end":{"line":24,"column":8}},"line":12},"1":{"name":"(anonymous_1)","decl":{"start":{"line":39,"column":11},"end":{"line":39,"column":12}},"loc":{"start":{"line":39,"column":17},"end":{"line":39,"column":19}},"line":39}},"branchMap":{},"s":{"0":4,"1":2,"2":4,"3":4},"f":{"0":2,"1":0},"b":{},"_coverageSchema":"332fd63041d2c1bcb487cc26dd0d5f7d97098a6c","hash":"a61e20620bd456168926ab5d65341130e00cc59e"}
,"/Users/anthonynwosu/Desktop/helios-ah-frontend/src/components/TextFieldGroup.jsx": {"path":"/Users/anthonynwosu/Desktop/helios-ah-frontend/src/components/TextFieldGroup.jsx","statementMap":{"0":{"start":{"line":4,"column":23},"end":{"line":41,"column":1}},"1":{"start":{"line":19,"column":2},"end":{"line":20,"column":63}},"2":{"start":{"line":19,"column":13},"end":{"line":19,"column":70}},"3":{"start":{"line":20,"column":7},"end":{"line":20,"column":63}},"4":{"start":{"line":21,"column":2},"end":{"line":22,"column":68}},"5":{"start":{"line":21,"column":13},"end":{"line":21,"column":55}},"6":{"start":{"line":22,"column":7},"end":{"line":22,"column":68}},"7":{"start":{"line":22,"column":28},"end":{"line":22,"column":68}},"8":{"start":{"line":23,"column":2},"end":{"line":40,"column":4}},"9":{"start":{"line":43,"column":0},"end":{"line":58,"column":2}},"10":{"start":{"line":60,"column":0},"end":{"line":69,"column":2}}},"fnMap":{"0":{"name":"(anonymous_0)","decl":{"start":{"line":4,"column":23},"end":{"line":4,"column":24}},"loc":{"start":{"line":16,"column":6},"end":{"line":41,"column":1}},"line":16}},"branchMap":{"0":{"loc":{"start":{"line":19,"column":2},"end":{"line":20,"column":63}},"type":"if","locations":[{"start":{"line":19,"column":2},"end":{"line":20,"column":63}},{"start":{"line":19,"column":2},"end":{"line":20,"column":63}}],"line":19},"1":{"loc":{"start":{"line":21,"column":2},"end":{"line":22,"column":68}},"type":"if","locations":[{"start":{"line":21,"column":2},"end":{"line":22,"column":68}},{"start":{"line":21,"column":2},"end":{"line":22,"column":68}}],"line":21},"2":{"loc":{"start":{"line":22,"column":7},"end":{"line":22,"column":68}},"type":"if","locations":[{"start":{"line":22,"column":7},"end":{"line":22,"column":68}},{"start":{"line":22,"column":7},"end":{"line":22,"column":68}}],"line":22},"3":{"loc":{"start":{"line":22,"column":11},"end":{"line":22,"column":26}},"type":"binary-expr","locations":[{"start":{"line":22,"column":11},"end":{"line":22,"column":16}},{"start":{"line":22,"column":20},"end":{"line":22,"column":26}}],"line":22},"4":{"loc":{"start":{"line":37,"column":9},"end":{"line":37,"column":23}},"type":"binary-expr","locations":[{"start":{"line":37,"column":9},"end":{"line":37,"column":14}},{"start":{"line":37,"column":18},"end":{"line":37,"column":23}}],"line":37}},"s":{"0":3,"1":5,"2":3,"3":2,"4":5,"5":3,"6":2,"7":1,"8":5,"9":3,"10":3},"f":{"0":5},"b":{"0":[3,2],"1":[3,2],"2":[1,1],"3":[2,1],"4":[5,3]},"_coverageSchema":"332fd63041d2c1bcb487cc26dd0d5f7d97098a6c","hash":"037507df133af4f3aad6ca5a18177363f85ca138"}
,"/Users/anthonynwosu/Desktop/helios-ah-frontend/src/components/index.js": {"path":"/Users/anthonynwosu/Desktop/helios-ah-frontend/src/components/index.js","statementMap":{},"fnMap":{},"branchMap":{},"s":{},"f":{},"b":{},"_coverageSchema":"332fd63041d2c1bcb487cc26dd0d5f7d97098a6c","hash":"c752c52d5d22bba3182ef4fdb8ad6044f384b84e"}
,"/Users/anthonynwosu/Desktop/helios-ah-frontend/src/reducers/signupReducer.js": {"path":"/Users/anthonynwosu/Desktop/helios-ah-frontend/src/reducers/signupReducer.js","statementMap":{"0":{"start":{"line":6,"column":2},"end":{"line":15,"column":3}},"1":{"start":{"line":8,"column":6},"end":{"line":12,"column":8}},"2":{"start":{"line":14,"column":6},"end":{"line":14,"column":19}}},"fnMap":{"0":{"name":"(anonymous_0)","decl":{"start":{"line":3,"column":15},"end":{"line":3,"column":16}},"loc":{"start":{"line":5,"column":14},"end":{"line":16,"column":1}},"line":5}},"branchMap":{"0":{"loc":{"start":{"line":3,"column":16},"end":{"line":5,"column":1}},"type":"default-arg","locations":[{"start":{"line":3,"column":24},"end":{"line":5,"column":1}}],"line":3},"1":{"loc":{"start":{"line":6,"column":2},"end":{"line":15,"column":3}},"type":"switch","locations":[{"start":{"line":7,"column":4},"end":{"line":12,"column":8}},{"start":{"line":13,"column":4},"end":{"line":14,"column":19}}],"line":6}},"s":{"0":2,"1":1,"2":1},"f":{"0":2},"b":{"0":[1],"1":[1,1]},"_coverageSchema":"332fd63041d2c1bcb487cc26dd0d5f7d97098a6c","hash":"517e0c0210f4f7816dafaf95d437a68fd031b068"}
,"/Users/anthonynwosu/Desktop/helios-ah-frontend/src/utilities/apiRequests.js": {"path":"/Users/anthonynwosu/Desktop/helios-ah-frontend/src/utilities/apiRequests.js","statementMap":{"0":{"start":{"line":3,"column":16},"end":{"line":4,"column":63}},"1":{"start":{"line":6,"column":19},"end":{"line":13,"column":1}},"2":{"start":{"line":7,"column":2},"end":{"line":12,"column":3}},"3":{"start":{"line":8,"column":21},"end":{"line":8,"column":53}},"4":{"start":{"line":9,"column":4},"end":{"line":9,"column":25}},"5":{"start":{"line":11,"column":4},"end":{"line":11,"column":56}},"6":{"start":{"line":15,"column":20},"end":{"line":22,"column":1}},"7":{"start":{"line":16,"column":2},"end":{"line":21,"column":3}},"8":{"start":{"line":17,"column":21},"end":{"line":17,"column":65}},"9":{"start":{"line":18,"column":4},"end":{"line":18,"column":25}},"10":{"start":{"line":20,"column":4},"end":{"line":20,"column":56}},"11":{"start":{"line":24,"column":19},"end":{"line":31,"column":1}},"12":{"start":{"line":25,"column":2},"end":{"line":30,"column":3}},"13":{"start":{"line":26,"column":21},"end":{"line":26,"column":64}},"14":{"start":{"line":27,"column":4},"end":{"line":27,"column":25}},"15":{"start":{"line":29,"column":4},"end":{"line":29,"column":56}},"16":{"start":{"line":33,"column":22},"end":{"line":40,"column":1}},"17":{"start":{"line":34,"column":2},"end":{"line":39,"column":3}},"18":{"start":{"line":35,"column":21},"end":{"line":35,"column":67}},"19":{"start":{"line":36,"column":4},"end":{"line":36,"column":25}},"20":{"start":{"line":38,"column":4},"end":{"line":38,"column":56}}},"fnMap":{"0":{"name":"(anonymous_0)","decl":{"start":{"line":6,"column":19},"end":{"line":6,"column":20}},"loc":{"start":{"line":6,"column":36},"end":{"line":13,"column":1}},"line":6},"1":{"name":"(anonymous_1)","decl":{"start":{"line":15,"column":20},"end":{"line":15,"column":21}},"loc":{"start":{"line":15,"column":43},"end":{"line":22,"column":1}},"line":15},"2":{"name":"(anonymous_2)","decl":{"start":{"line":24,"column":19},"end":{"line":24,"column":20}},"loc":{"start":{"line":24,"column":42},"end":{"line":31,"column":1}},"line":24},"3":{"name":"(anonymous_3)","decl":{"start":{"line":33,"column":22},"end":{"line":33,"column":23}},"loc":{"start":{"line":33,"column":45},"end":{"line":40,"column":1}},"line":33}},"branchMap":{"0":{"loc":{"start":{"line":3,"column":16},"end":{"line":4,"column":63}},"type":"cond-expr","locations":[{"start":{"line":4,"column":4},"end":{"line":4,"column":34}},{"start":{"line":4,"column":37},"end":{"line":4,"column":63}}],"line":3},"1":{"loc":{"start":{"line":11,"column":11},"end":{"line":11,"column":55}},"type":"cond-expr","locations":[{"start":{"line":11,"column":28},"end":{"line":11,"column":47}},{"start":{"line":11,"column":50},"end":{"line":11,"column":55}}],"line":11},"2":{"loc":{"start":{"line":20,"column":11},"end":{"line":20,"column":55}},"type":"cond-expr","locations":[{"start":{"line":20,"column":28},"end":{"line":20,"column":47}},{"start":{"line":20,"column":50},"end":{"line":20,"column":55}}],"line":20},"3":{"loc":{"start":{"line":29,"column":11},"end":{"line":29,"column":55}},"type":"cond-expr","locations":[{"start":{"line":29,"column":28},"end":{"line":29,"column":47}},{"start":{"line":29,"column":50},"end":{"line":29,"column":55}}],"line":29},"4":{"loc":{"start":{"line":38,"column":11},"end":{"line":38,"column":55}},"type":"cond-expr","locations":[{"start":{"line":38,"column":28},"end":{"line":38,"column":47}},{"start":{"line":38,"column":50},"end":{"line":38,"column":55}}],"line":38}},"s":{"0":2,"1":2,"2":0,"3":0,"4":0,"5":0,"6":2,"7":2,"8":2,"9":1,"10":1,"11":2,"12":0,"13":0,"14":0,"15":0,"16":2,"17":0,"18":0,"19":0,"20":0},"f":{"0":0,"1":2,"2":0,"3":0},"b":{"0":[0,2],"1":[0,0],"2":[0,1],"3":[0,0],"4":[0,0]},"_coverageSchema":"332fd63041d2c1bcb487cc26dd0d5f7d97098a6c","hash":"21cdc314ed2070e5fde49fd083928a4042407687"}
,"/Users/anthonynwosu/Desktop/helios-ah-frontend/src/utilities/attachAuth.js": {"path":"/Users/anthonynwosu/Desktop/helios-ah-frontend/src/utilities/attachAuth.js","statementMap":{"0":{"start":{"line":8,"column":33},"end":{"line":19,"column":1}},"1":{"start":{"line":9,"column":19},"end":{"line":9,"column":33}},"2":{"start":{"line":10,"column":25},"end":{"line":10,"column":63}},"3":{"start":{"line":12,"column":2},"end":{"line":16,"column":3}},"4":{"start":{"line":13,"column":4},"end":{"line":13,"column":45}},"5":{"start":{"line":15,"column":4},"end":{"line":15,"column":44}},"6":{"start":{"line":18,"column":2},"end":{"line":18,"column":18}}},"fnMap":{"0":{"name":"(anonymous_0)","decl":{"start":{"line":8,"column":33},"end":{"line":8,"column":34}},"loc":{"start":{"line":8,"column":44},"end":{"line":19,"column":1}},"line":8}},"branchMap":{"0":{"loc":{"start":{"line":10,"column":25},"end":{"line":10,"column":63}},"type":"binary-expr","locations":[{"start":{"line":10,"column":25},"end":{"line":10,"column":57}},{"start":{"line":10,"column":61},"end":{"line":10,"column":63}}],"line":10},"1":{"loc":{"start":{"line":12,"column":2},"end":{"line":16,"column":3}},"type":"if","locations":[{"start":{"line":12,"column":2},"end":{"line":16,"column":3}},{"start":{"line":12,"column":2},"end":{"line":16,"column":3}}],"line":12}},"s":{"0":1,"1":0,"2":0,"3":0,"4":0,"5":0,"6":0},"f":{"0":0},"b":{"0":[0,0],"1":[0,0]},"_coverageSchema":"332fd63041d2c1bcb487cc26dd0d5f7d97098a6c","hash":"580244de759607f413b8a5037819681a49be2aa5"}
,"/Users/anthonynwosu/Desktop/helios-ah-frontend/src/utilities/frontendValidation.js": {"path":"/Users/anthonynwosu/Desktop/helios-ah-frontend/src/utilities/frontendValidation.js","statementMap":{"0":{"start":{"line":1,"column":27},"end":{"line":20,"column":1}},"1":{"start":{"line":2,"column":17},"end":{"line":2,"column":19}},"2":{"start":{"line":3,"column":2},"end":{"line":5,"column":3}},"3":{"start":{"line":4,"column":4},"end":{"line":4,"column":41}},"4":{"start":{"line":6,"column":2},"end":{"line":8,"column":3}},"5":{"start":{"line":7,"column":4},"end":{"line":7,"column":35}},"6":{"start":{"line":10,"column":2},"end":{"line":12,"column":3}},"7":{"start":{"line":11,"column":4},"end":{"line":11,"column":45}},"8":{"start":{"line":13,"column":2},"end":{"line":15,"column":3}},"9":{"start":{"line":14,"column":4},"end":{"line":14,"column":35}},"10":{"start":{"line":16,"column":2},"end":{"line":18,"column":3}},"11":{"start":{"line":17,"column":4},"end":{"line":17,"column":51}},"12":{"start":{"line":19,"column":2},"end":{"line":19,"column":16}}},"fnMap":{"0":{"name":"(anonymous_0)","decl":{"start":{"line":1,"column":27},"end":{"line":1,"column":28}},"loc":{"start":{"line":1,"column":37},"end":{"line":20,"column":1}},"line":1}},"branchMap":{"0":{"loc":{"start":{"line":3,"column":2},"end":{"line":5,"column":3}},"type":"if","locations":[{"start":{"line":3,"column":2},"end":{"line":5,"column":3}},{"start":{"line":3,"column":2},"end":{"line":5,"column":3}}],"line":3},"1":{"loc":{"start":{"line":6,"column":2},"end":{"line":8,"column":3}},"type":"if","locations":[{"start":{"line":6,"column":2},"end":{"line":8,"column":3}},{"start":{"line":6,"column":2},"end":{"line":8,"column":3}}],"line":6},"2":{"loc":{"start":{"line":10,"column":2},"end":{"line":12,"column":3}},"type":"if","locations":[{"start":{"line":10,"column":2},"end":{"line":12,"column":3}},{"start":{"line":10,"column":2},"end":{"line":12,"column":3}}],"line":10},"3":{"loc":{"start":{"line":13,"column":2},"end":{"line":15,"column":3}},"type":"if","locations":[{"start":{"line":13,"column":2},"end":{"line":15,"column":3}},{"start":{"line":13,"column":2},"end":{"line":15,"column":3}}],"line":13},"4":{"loc":{"start":{"line":13,"column":6},"end":{"line":13,"column":76}},"type":"binary-expr","locations":[{"start":{"line":13,"column":6},"end":{"line":13,"column":16}},{"start":{"line":13,"column":20},"end":{"line":13,"column":76}}],"line":13},"5":{"loc":{"start":{"line":16,"column":2},"end":{"line":18,"column":3}},"type":"if","locations":[{"start":{"line":16,"column":2},"end":{"line":18,"column":3}},{"start":{"line":16,"column":2},"end":{"line":18,"column":3}}],"line":16}},"s":{"0":1,"1":12,"2":12,"3":6,"4":12,"5":5,"6":12,"7":7,"8":12,"9":1,"10":12,"11":6,"12":12},"f":{"0":12},"b":{"0":[6,6],"1":[5,7],"2":[7,5],"3":[1,11],"4":[12,5],"5":[6,6]},"_coverageSchema":"332fd63041d2c1bcb487cc26dd0d5f7d97098a6c","hash":"fd0e65e571f0e6263ad7f0a29df38f87f79ac58f"}
,"/Users/anthonynwosu/Desktop/helios-ah-frontend/src/utilities/index.js": {"path":"/Users/anthonynwosu/Desktop/helios-ah-frontend/src/utilities/index.js","statementMap":{},"fnMap":{},"branchMap":{},"s":{},"f":{},"b":{},"_coverageSchema":"332fd63041d2c1bcb487cc26dd0d5f7d97098a6c","hash":"6c32020aeb84b788b4119af5e8a1b217280907af"}
,"/Users/anthonynwosu/Desktop/helios-ah-frontend/src/utilities/reverseToken.js": {"path":"/Users/anthonynwosu/Desktop/helios-ah-frontend/src/utilities/reverseToken.js","statementMap":{"0":{"start":{"line":6,"column":21},"end":{"line":6,"column":64}},"1":{"start":{"line":6,"column":30},"end":{"line":6,"column":64}}},"fnMap":{"0":{"name":"(anonymous_0)","decl":{"start":{"line":6,"column":21},"end":{"line":6,"column":22}},"loc":{"start":{"line":6,"column":30},"end":{"line":6,"column":64}},"line":6}},"branchMap":{},"s":{"0":2,"1":1},"f":{"0":1},"b":{},"_coverageSchema":"332fd63041d2c1bcb487cc26dd0d5f7d97098a6c","hash":"f7e63be4ad3d6e9100964f05666f9343da144f67"}
,"/Users/anthonynwosu/Desktop/helios-ah-frontend/src/utilities/setAuthorizationToken.js": {"path":"/Users/anthonynwosu/Desktop/helios-ah-frontend/src/utilities/setAuthorizationToken.js","statementMap":{"0":{"start":{"line":3,"column":30},"end":{"line":9,"column":1}},"1":{"start":{"line":4,"column":2},"end":{"line":8,"column":3}},"2":{"start":{"line":5,"column":4},"end":{"line":5,"column":68}},"3":{"start":{"line":7,"column":4},"end":{"line":7,"column":55}}},"fnMap":{"0":{"name":"(anonymous_0)","decl":{"start":{"line":3,"column":30},"end":{"line":3,"column":31}},"loc":{"start":{"line":3,"column":41},"end":{"line":9,"column":1}},"line":3}},"branchMap":{"0":{"loc":{"start":{"line":4,"column":2},"end":{"line":8,"column":3}},"type":"if","locations":[{"start":{"line":4,"column":2},"end":{"line":8,"column":3}},{"start":{"line":4,"column":2},"end":{"line":8,"column":3}}],"line":4}},"s":{"0":2,"1":1,"2":1,"3":0},"f":{"0":1},"b":{"0":[1,0]},"_coverageSchema":"332fd63041d2c1bcb487cc26dd0d5f7d97098a6c","hash":"92cd82c974468a36d614c9934f2d4a7c437e4f06"}
,"/Users/anthonynwosu/Desktop/helios-ah-frontend/src/utilities/toastrUtil.js": {"path":"/Users/anthonynwosu/Desktop/helios-ah-frontend/src/utilities/toastrUtil.js","statementMap":{"0":{"start":{"line":10,"column":19},"end":{"line":12,"column":1}},"1":{"start":{"line":11,"column":2},"end":{"line":11,"column":49}}},"fnMap":{"0":{"name":"(anonymous_0)","decl":{"start":{"line":10,"column":19},"end":{"line":10,"column":20}},"loc":{"start":{"line":11,"column":2},"end":{"line":11,"column":49}},"line":11}},"branchMap":{"0":{"loc":{"start":{"line":11,"column":35},"end":{"line":11,"column":46}},"type":"binary-expr","locations":[{"start":{"line":11,"column":35},"end":{"line":11,"column":39}},{"start":{"line":11,"column":43},"end":{"line":11,"column":46}}],"line":11}},"s":{"0":1,"1":0},"f":{"0":0},"b":{"0":[0,0]},"_coverageSchema":"332fd63041d2c1bcb487cc26dd0d5f7d97098a6c","hash":"f3195c94d0bbe4f2ce7d0ca8999f3f558cba3617"}
,"/Users/anthonynwosu/Desktop/helios-ah-frontend/src/views/CompleteRegistration.jsx": {"path":"/Users/anthonynwosu/Desktop/helios-ah-frontend/src/views/CompleteRegistration.jsx","statementMap":{"0":{"start":{"line":13,"column":37},"end":{"line":13,"column":47}},"1":{"start":{"line":14,"column":4},"end":{"line":16,"column":5}},"2":{"start":{"line":15,"column":6},"end":{"line":15,"column":31}},"3":{"start":{"line":17,"column":4},"end":{"line":17,"column":32}},"4":{"start":{"line":21,"column":53},"end":{"line":21,"column":63}},"5":{"start":{"line":22,"column":20},"end":{"line":22,"column":58}},"6":{"start":{"line":23,"column":4},"end":{"line":43,"column":9}},"7":{"start":{"line":24,"column":6},"end":{"line":28,"column":7}},"8":{"start":{"line":25,"column":8},"end":{"line":25,"column":54}},"9":{"start":{"line":26,"column":8},"end":{"line":26,"column":36}},"10":{"start":{"line":27,"column":8},"end":{"line":27,"column":33}},"11":{"start":{"line":29,"column":6},"end":{"line":35,"column":7}},"12":{"start":{"line":30,"column":8},"end":{"line":33,"column":11}},"13":{"start":{"line":34,"column":8},"end":{"line":34,"column":68}},"14":{"start":{"line":34,"column":34},"end":{"line":34,"column":58}},"15":{"start":{"line":38,"column":8},"end":{"line":41,"column":11}},"16":{"start":{"line":42,"column":8},"end":{"line":42,"column":68}},"17":{"start":{"line":42,"column":34},"end":{"line":42,"column":58}},"18":{"start":{"line":47,"column":27},"end":{"line":47,"column":37}},"19":{"start":{"line":48,"column":4},"end":{"line":52,"column":6}},"20":{"start":{"line":55,"column":24},"end":{"line":57,"column":2}},"21":{"start":{"line":55,"column":34},"end":{"line":57,"column":1}},"22":{"start":{"line":59,"column":27},"end":{"line":61,"column":2}},"23":{"start":{"line":59,"column":40},"end":{"line":61,"column":1}},"24":{"start":{"line":60,"column":33},"end":{"line":60,"column":66}},"25":{"start":{"line":63,"column":0},"end":{"line":68,"column":2}}},"fnMap":{"0":{"name":"(anonymous_0)","decl":{"start":{"line":12,"column":2},"end":{"line":12,"column":3}},"loc":{"start":{"line":12,"column":22},"end":{"line":18,"column":3}},"line":12},"1":{"name":"(anonymous_1)","decl":{"start":{"line":20,"column":25},"end":{"line":20,"column":26}},"loc":{"start":{"line":20,"column":31},"end":{"line":44,"column":3}},"line":20},"2":{"name":"(anonymous_2)","decl":{"start":{"line":23,"column":22},"end":{"line":23,"column":23}},"loc":{"start":{"line":23,"column":36},"end":{"line":36,"column":5}},"line":23},"3":{"name":"(anonymous_3)","decl":{"start":{"line":34,"column":26},"end":{"line":34,"column":27}},"loc":{"start":{"line":34,"column":32},"end":{"line":34,"column":60}},"line":34},"4":{"name":"(anonymous_4)","decl":{"start":{"line":37,"column":13},"end":{"line":37,"column":14}},"loc":{"start":{"line":37,"column":19},"end":{"line":43,"column":7}},"line":37},"5":{"name":"(anonymous_5)","decl":{"start":{"line":42,"column":26},"end":{"line":42,"column":27}},"loc":{"start":{"line":42,"column":32},"end":{"line":42,"column":60}},"line":42},"6":{"name":"(anonymous_6)","decl":{"start":{"line":46,"column":2},"end":{"line":46,"column":3}},"loc":{"start":{"line":46,"column":11},"end":{"line":53,"column":3}},"line":46},"7":{"name":"(anonymous_7)","decl":{"start":{"line":55,"column":24},"end":{"line":55,"column":25}},"loc":{"start":{"line":55,"column":34},"end":{"line":57,"column":1}},"line":55},"8":{"name":"(anonymous_8)","decl":{"start":{"line":59,"column":27},"end":{"line":59,"column":28}},"loc":{"start":{"line":59,"column":40},"end":{"line":61,"column":1}},"line":59},"9":{"name":"(anonymous_9)","decl":{"start":{"line":60,"column":21},"end":{"line":60,"column":22}},"loc":{"start":{"line":60,"column":33},"end":{"line":60,"column":66}},"line":60}},"branchMap":{"0":{"loc":{"start":{"line":14,"column":4},"end":{"line":16,"column":5}},"type":"if","locations":[{"start":{"line":14,"column":4},"end":{"line":16,"column":5}},{"start":{"line":14,"column":4},"end":{"line":16,"column":5}}],"line":14},"1":{"loc":{"start":{"line":24,"column":6},"end":{"line":28,"column":7}},"type":"if","locations":[{"start":{"line":24,"column":6},"end":{"line":28,"column":7}},{"start":{"line":24,"column":6},"end":{"line":28,"column":7}}],"line":24},"2":{"loc":{"start":{"line":29,"column":6},"end":{"line":35,"column":7}},"type":"if","locations":[{"start":{"line":29,"column":6},"end":{"line":35,"column":7}},{"start":{"line":29,"column":6},"end":{"line":35,"column":7}}],"line":29}},"s":{"0":0,"1":0,"2":0,"3":0,"4":0,"5":0,"6":0,"7":0,"8":0,"9":0,"10":0,"11":0,"12":0,"13":0,"14":0,"15":0,"16":0,"17":0,"18":0,"19":0,"20":1,"21":0,"22":1,"23":0,"24":0,"25":1},"f":{"0":0,"1":0,"2":0,"3":0,"4":0,"5":0,"6":0,"7":0,"8":0,"9":0},"b":{"0":[0,0],"1":[0,0],"2":[0,0]},"_coverageSchema":"332fd63041d2c1bcb487cc26dd0d5f7d97098a6c","hash":"3acf53aed8b98e6feef9652413b5f1ffe147ae50"}
,"/Users/anthonynwosu/Desktop/helios-ah-frontend/src/views/LoginPage.jsx": {"path":"/Users/anthonynwosu/Desktop/helios-ah-frontend/src/views/LoginPage.jsx","statementMap":{"0":{"start":{"line":15,"column":4},"end":{"line":15,"column":17}},"1":{"start":{"line":16,"column":4},"end":{"line":21,"column":6}},"2":{"start":{"line":22,"column":4},"end":{"line":22,"column":26}},"3":{"start":{"line":23,"column":4},"end":{"line":23,"column":27}},"4":{"start":{"line":27,"column":4},"end":{"line":29,"column":7}},"5":{"start":{"line":33,"column":18},"end":{"line":33,"column":31}},"6":{"start":{"line":34,"column":22},"end":{"line":34,"column":30}},"7":{"start":{"line":35,"column":4},"end":{"line":44,"column":7}},"8":{"start":{"line":36,"column":21},"end":{"line":36,"column":51}},"9":{"start":{"line":37,"column":6},"end":{"line":42,"column":7}},"10":{"start":{"line":38,"column":8},"end":{"line":38,"column":49}},"11":{"start":{"line":39,"column":8},"end":{"line":39,"column":60}},"12":{"start":{"line":41,"column":8},"end":{"line":41,"column":42}},"13":{"start":{"line":43,"column":6},"end":{"line":43,"column":51}},"14":{"start":{"line":48,"column":18},"end":{"line":48,"column":31}},"15":{"start":{"line":49,"column":19},"end":{"line":49,"column":49}},"16":{"start":{"line":50,"column":4},"end":{"line":55,"column":5}},"17":{"start":{"line":51,"column":6},"end":{"line":51,"column":46}},"18":{"start":{"line":52,"column":6},"end":{"line":52,"column":57}},"19":{"start":{"line":54,"column":6},"end":{"line":54,"column":39}},"20":{"start":{"line":56,"column":4},"end":{"line":56,"column":48}},"21":{"start":{"line":60,"column":4},"end":{"line":60,"column":23}},"22":{"start":{"line":61,"column":65},"end":{"line":61,"column":75}},"23":{"start":{"line":62,"column":4},"end":{"line":62,"column":26}},"24":{"start":{"line":63,"column":4},"end":{"line":87,"column":5}},"25":{"start":{"line":64,"column":6},"end":{"line":64,"column":53}},"26":{"start":{"line":65,"column":28},"end":{"line":65,"column":55}},"27":{"start":{"line":66,"column":6},"end":{"line":86,"column":7}},"28":{"start":{"line":67,"column":8},"end":{"line":67,"column":44}},"29":{"start":{"line":68,"column":8},"end":{"line":85,"column":9}},"30":{"start":{"line":69,"column":10},"end":{"line":72,"column":13}},"31":{"start":{"line":73,"column":15},"end":{"line":85,"column":9}},"32":{"start":{"line":76,"column":10},"end":{"line":79,"column":13}},"33":{"start":{"line":81,"column":10},"end":{"line":84,"column":13}},"34":{"start":{"line":91,"column":19},"end":{"line":91,"column":49}},"35":{"start":{"line":92,"column":4},"end":{"line":95,"column":5}},"36":{"start":{"line":93,"column":6},"end":{"line":93,"column":32}},"37":{"start":{"line":94,"column":6},"end":{"line":94,"column":19}},"38":{"start":{"line":96,"column":4},"end":{"line":96,"column":16}},"39":{"start":{"line":102,"column":8},"end":{"line":102,"column":18}},"40":{"start":{"line":103,"column":4},"end":{"line":116,"column":6}},"41":{"start":{"line":120,"column":0},"end":{"line":124,"column":2}},"42":{"start":{"line":126,"column":0},"end":{"line":128,"column":2}},"43":{"start":{"line":127,"column":29},"end":{"line":127,"column":33}},"44":{"start":{"line":130,"column":27},"end":{"line":134,"column":1}}},"fnMap":{"0":{"name":"(anonymous_0)","decl":{"start":{"line":14,"column":2},"end":{"line":14,"column":3}},"loc":{"start":{"line":14,"column":21},"end":{"line":24,"column":3}},"line":14},"1":{"name":"(anonymous_1)","decl":{"start":{"line":26,"column":19},"end":{"line":26,"column":20}},"loc":{"start":{"line":26,"column":26},"end":{"line":30,"column":3}},"line":26},"2":{"name":"(anonymous_2)","decl":{"start":{"line":32,"column":18},"end":{"line":32,"column":19}},"loc":{"start":{"line":32,"column":25},"end":{"line":45,"column":3}},"line":32},"3":{"name":"(anonymous_3)","decl":{"start":{"line":35,"column":38},"end":{"line":35,"column":39}},"loc":{"start":{"line":35,"column":44},"end":{"line":44,"column":5}},"line":35},"4":{"name":"(anonymous_4)","decl":{"start":{"line":47,"column":17},"end":{"line":47,"column":18}},"loc":{"start":{"line":47,"column":24},"end":{"line":57,"column":3}},"line":47},"5":{"name":"(anonymous_5)","decl":{"start":{"line":59,"column":19},"end":{"line":59,"column":20}},"loc":{"start":{"line":59,"column":32},"end":{"line":88,"column":3}},"line":59},"6":{"name":"(anonymous_6)","decl":{"start":{"line":90,"column":2},"end":{"line":90,"column":3}},"loc":{"start":{"line":90,"column":12},"end":{"line":97,"column":3}},"line":90},"7":{"name":"(anonymous_7)","decl":{"start":{"line":99,"column":2},"end":{"line":99,"column":3}},"loc":{"start":{"line":99,"column":11},"end":{"line":117,"column":3}},"line":99},"8":{"name":"(anonymous_8)","decl":{"start":{"line":127,"column":23},"end":{"line":127,"column":24}},"loc":{"start":{"line":127,"column":29},"end":{"line":127,"column":33}},"line":127}},"branchMap":{"0":{"loc":{"start":{"line":37,"column":6},"end":{"line":42,"column":7}},"type":"if","locations":[{"start":{"line":37,"column":6},"end":{"line":42,"column":7}},{"start":{"line":37,"column":6},"end":{"line":42,"column":7}}],"line":37},"1":{"loc":{"start":{"line":50,"column":4},"end":{"line":55,"column":5}},"type":"if","locations":[{"start":{"line":50,"column":4},"end":{"line":55,"column":5}},{"start":{"line":50,"column":4},"end":{"line":55,"column":5}}],"line":50},"2":{"loc":{"start":{"line":63,"column":4},"end":{"line":87,"column":5}},"type":"if","locations":[{"start":{"line":63,"column":4},"end":{"line":87,"column":5}},{"start":{"line":63,"column":4},"end":{"line":87,"column":5}}],"line":63},"3":{"loc":{"start":{"line":66,"column":6},"end":{"line":86,"column":7}},"type":"if","locations":[{"start":{"line":66,"column":6},"end":{"line":86,"column":7}},{"start":{"line":66,"column":6},"end":{"line":86,"column":7}}],"line":66},"4":{"loc":{"start":{"line":68,"column":8},"end":{"line":85,"column":9}},"type":"if","locations":[{"start":{"line":68,"column":8},"end":{"line":85,"column":9}},{"start":{"line":68,"column":8},"end":{"line":85,"column":9}}],"line":68},"5":{"loc":{"start":{"line":73,"column":15},"end":{"line":85,"column":9}},"type":"if","locations":[{"start":{"line":73,"column":15},"end":{"line":85,"column":9}},{"start":{"line":73,"column":15},"end":{"line":85,"column":9}}],"line":73},"6":{"loc":{"start":{"line":92,"column":4},"end":{"line":95,"column":5}},"type":"if","locations":[{"start":{"line":92,"column":4},"end":{"line":95,"column":5}},{"start":{"line":92,"column":4},"end":{"line":95,"column":5}}],"line":92}},"s":{"0":13,"1":13,"2":13,"3":13,"4":2,"5":4,"6":4,"7":4,"8":4,"9":4,"10":2,"11":2,"12":2,"13":4,"14":3,"15":3,"16":3,"17":2,"18":2,"19":1,"20":3,"21":2,"22":2,"23":2,"24":2,"25":2,"26":2,"27":2,"28":0,"29":0,"30":0,"31":0,"32":0,"33":0,"34":5,"35":5,"36":2,"37":2,"38":3,"39":45,"40":45,"41":1,"42":1,"43":0,"44":1},"f":{"0":13,"1":2,"2":4,"3":4,"4":3,"5":2,"6":5,"7":45,"8":0},"b":{"0":[2,2],"1":[2,1],"2":[2,0],"3":[0,2],"4":[0,0],"5":[0,0],"6":[2,3]},"_coverageSchema":"332fd63041d2c1bcb487cc26dd0d5f7d97098a6c","hash":"41fd38173e31d779f314a30b1c80b1518ee726e0"}
,"/Users/anthonynwosu/Desktop/helios-ah-frontend/src/views/SignupPage.jsx": {"path":"/Users/anthonynwosu/Desktop/helios-ah-frontend/src/views/SignupPage.jsx","statementMap":{"0":{"start":{"line":10,"column":4},"end":{"line":10,"column":17}},"1":{"start":{"line":11,"column":4},"end":{"line":18,"column":6}},"2":{"start":{"line":19,"column":4},"end":{"line":19,"column":64}},"3":{"start":{"line":20,"column":4},"end":{"line":20,"column":31}},"4":{"start":{"line":24,"column":4},"end":{"line":24,"column":61}},"5":{"start":{"line":28,"column":4},"end":{"line":28,"column":27}},"6":{"start":{"line":31,"column":8},"end":{"line":31,"column":18}},"7":{"start":{"line":32,"column":27},"end":{"line":32,"column":37}},"8":{"start":{"line":33,"column":4},"end":{"line":35,"column":5}},"9":{"start":{"line":34,"column":6},"end":{"line":34,"column":59}},"10":{"start":{"line":36,"column":4},"end":{"line":36,"column":43}},"11":{"start":{"line":37,"column":4},"end":{"line":49,"column":7}},"12":{"start":{"line":40,"column":6},"end":{"line":43,"column":7}},"13":{"start":{"line":41,"column":8},"end":{"line":41,"column":50}},"14":{"start":{"line":42,"column":8},"end":{"line":42,"column":77}},"15":{"start":{"line":44,"column":6},"end":{"line":44,"column":46}},"16":{"start":{"line":45,"column":6},"end":{"line":45,"column":53}},"17":{"start":{"line":47,"column":6},"end":{"line":47,"column":46}},"18":{"start":{"line":48,"column":6},"end":{"line":48,"column":50}},"19":{"start":{"line":53,"column":4},"end":{"line":59,"column":6}},"20":{"start":{"line":63,"column":0},"end":{"line":65,"column":2}},"21":{"start":{"line":67,"column":27},"end":{"line":69,"column":2}},"22":{"start":{"line":67,"column":40},"end":{"line":69,"column":1}},"23":{"start":{"line":68,"column":29},"end":{"line":68,"column":62}}},"fnMap":{"0":{"name":"(anonymous_0)","decl":{"start":{"line":9,"column":2},"end":{"line":9,"column":3}},"loc":{"start":{"line":9,"column":21},"end":{"line":21,"column":3}},"line":9},"1":{"name":"(anonymous_1)","decl":{"start":{"line":23,"column":19},"end":{"line":23,"column":20}},"loc":{"start":{"line":23,"column":30},"end":{"line":25,"column":3}},"line":23},"2":{"name":"(anonymous_2)","decl":{"start":{"line":27,"column":19},"end":{"line":27,"column":20}},"loc":{"start":{"line":27,"column":30},"end":{"line":50,"column":3}},"line":27},"3":{"name":"(anonymous_3)","decl":{"start":{"line":39,"column":12},"end":{"line":39,"column":13}},"loc":{"start":{"line":39,"column":26},"end":{"line":46,"column":5}},"line":39},"4":{"name":"(anonymous_4)","decl":{"start":{"line":46,"column":13},"end":{"line":46,"column":14}},"loc":{"start":{"line":46,"column":24},"end":{"line":49,"column":5}},"line":46},"5":{"name":"(anonymous_5)","decl":{"start":{"line":52,"column":2},"end":{"line":52,"column":3}},"loc":{"start":{"line":52,"column":11},"end":{"line":60,"column":3}},"line":52},"6":{"name":"(anonymous_6)","decl":{"start":{"line":67,"column":27},"end":{"line":67,"column":28}},"loc":{"start":{"line":67,"column":40},"end":{"line":69,"column":1}},"line":67},"7":{"name":"(anonymous_7)","decl":{"start":{"line":68,"column":14},"end":{"line":68,"column":15}},"loc":{"start":{"line":68,"column":29},"end":{"line":68,"column":62}},"line":68}},"branchMap":{"0":{"loc":{"start":{"line":33,"column":4},"end":{"line":35,"column":5}},"type":"if","locations":[{"start":{"line":33,"column":4},"end":{"line":35,"column":5}},{"start":{"line":33,"column":4},"end":{"line":35,"column":5}}],"line":33},"1":{"loc":{"start":{"line":40,"column":6},"end":{"line":43,"column":7}},"type":"if","locations":[{"start":{"line":40,"column":6},"end":{"line":43,"column":7}},{"start":{"line":40,"column":6},"end":{"line":43,"column":7}}],"line":40}},"s":{"0":0,"1":0,"2":0,"3":0,"4":0,"5":0,"6":0,"7":0,"8":0,"9":0,"10":0,"11":0,"12":0,"13":0,"14":0,"15":0,"16":0,"17":0,"18":0,"19":0,"20":1,"21":1,"22":0,"23":0},"f":{"0":0,"1":0,"2":0,"3":0,"4":0,"5":0,"6":0,"7":0},"b":{"0":[0,0],"1":[0,0]},"_coverageSchema":"332fd63041d2c1bcb487cc26dd0d5f7d97098a6c","hash":"55498bdd82eb65562d05dc4e90d9ff538e02796d"}
,"/Users/anthonynwosu/Desktop/helios-ah-frontend/src/views/index.js": {"path":"/Users/anthonynwosu/Desktop/helios-ah-frontend/src/views/index.js","statementMap":{},"fnMap":{},"branchMap":{},"s":{},"f":{},"b":{},"_coverageSchema":"332fd63041d2c1bcb487cc26dd0d5f7d97098a6c","hash":"e80d65ec4bcdb1ea0ecd1658bdfe654960dc7171"}
}
