{"/Users/anthonynwosu/Desktop/helios-ah-frontend/src/setupTests.js": {"path":"/Users/anthonynwosu/Desktop/helios-ah-frontend/src/setupTests.js","statementMap":{"0":{"start":{"line":4,"column":0},"end":{"line":4,"column":38}}},"fnMap":{},"branchMap":{},"s":{"0":6},"f":{},"b":{},"_coverageSchema":"332fd63041d2c1bcb487cc26dd0d5f7d97098a6c","hash":"00b5adf228ad0d6a4f3ac052bc6631f1b88d0331"}
,"/Users/anthonynwosu/Desktop/helios-ah-frontend/src/actionTypes/index.js": {"path":"/Users/anthonynwosu/Desktop/helios-ah-frontend/src/actionTypes/index.js","statementMap":{"0":{"start":{"line":1,"column":23},"end":{"line":1,"column":32}},"1":{"start":{"line":2,"column":26},"end":{"line":2,"column":39}},"2":{"start":{"line":3,"column":32},"end":{"line":3,"column":50}},"3":{"start":{"line":4,"column":33},"end":{"line":4,"column":52}},"4":{"start":{"line":5,"column":36},"end":{"line":5,"column":58}},"5":{"start":{"line":6,"column":36},"end":{"line":6,"column":58}}},"fnMap":{},"branchMap":{},"s":{"0":3,"1":3,"2":3,"3":3,"4":3,"5":3},"f":{},"b":{},"_coverageSchema":"332fd63041d2c1bcb487cc26dd0d5f7d97098a6c","hash":"c91de8e92be834cdc9220a75f0718288e2585c97"}
,"/Users/anthonynwosu/Desktop/helios-ah-frontend/src/actions/flashActions.js": {"path":"/Users/anthonynwosu/Desktop/helios-ah-frontend/src/actions/flashActions.js","statementMap":{"0":{"start":{"line":4,"column":31},"end":{"line":9,"column":1}},"1":{"start":{"line":5,"column":2},"end":{"line":8,"column":4}},"2":{"start":{"line":11,"column":34},"end":{"line":16,"column":1}},"3":{"start":{"line":12,"column":2},"end":{"line":15,"column":4}},"4":{"start":{"line":19,"column":34},"end":{"line":23,"column":1}},"5":{"start":{"line":20,"column":2},"end":{"line":22,"column":4}}},"fnMap":{"0":{"name":"(anonymous_0)","decl":{"start":{"line":4,"column":31},"end":{"line":4,"column":32}},"loc":{"start":{"line":4,"column":44},"end":{"line":9,"column":1}},"line":4},"1":{"name":"(anonymous_1)","decl":{"start":{"line":11,"column":34},"end":{"line":11,"column":35}},"loc":{"start":{"line":11,"column":42},"end":{"line":16,"column":1}},"line":11},"2":{"name":"(anonymous_2)","decl":{"start":{"line":19,"column":34},"end":{"line":19,"column":35}},"loc":{"start":{"line":19,"column":40},"end":{"line":23,"column":1}},"line":19}},"branchMap":{},"s":{"0":3,"1":1,"2":3,"3":1,"4":3,"5":1},"f":{"0":1,"1":1,"2":1},"b":{},"_coverageSchema":"332fd63041d2c1bcb487cc26dd0d5f7d97098a6c","hash":"3fc53c54a482cc25f70ce5a6a77df5f206d6b75f"}
,"/Users/anthonynwosu/Desktop/helios-ah-frontend/src/components/FlashMessage.jsx": {"path":"/Users/anthonynwosu/Desktop/helios-ah-frontend/src/components/FlashMessage.jsx","statementMap":{"0":{"start":{"line":6,"column":4},"end":{"line":6,"column":16}},"1":{"start":{"line":7,"column":4},"end":{"line":7,"column":43}},"2":{"start":{"line":11,"column":4},"end":{"line":11,"column":57}},"3":{"start":{"line":16,"column":27},"end":{"line":16,"column":45}},"4":{"start":{"line":17,"column":33},"end":{"line":17,"column":43}},"5":{"start":{"line":18,"column":4},"end":{"line":20,"column":87}},"6":{"start":{"line":18,"column":26},"end":{"line":18,"column":79}},"7":{"start":{"line":19,"column":9},"end":{"line":20,"column":87}},"8":{"start":{"line":19,"column":33},"end":{"line":19,"column":87}},"9":{"start":{"line":20,"column":9},"end":{"line":20,"column":87}},"10":{"start":{"line":20,"column":33},"end":{"line":20,"column":87}},"11":{"start":{"line":22,"column":4},"end":{"line":34,"column":6}},"12":{"start":{"line":38,"column":1},"end":{"line":42,"column":3}},"13":{"start":{"line":44,"column":1},"end":{"line":46,"column":3}}},"fnMap":{"0":{"name":"(anonymous_0)","decl":{"start":{"line":5,"column":2},"end":{"line":5,"column":3}},"loc":{"start":{"line":5,"column":21},"end":{"line":8,"column":3}},"line":5},"1":{"name":"(anonymous_1)","decl":{"start":{"line":10,"column":2},"end":{"line":10,"column":3}},"loc":{"start":{"line":10,"column":12},"end":{"line":12,"column":3}},"line":10},"2":{"name":"(anonymous_2)","decl":{"start":{"line":14,"column":2},"end":{"line":14,"column":3}},"loc":{"start":{"line":14,"column":11},"end":{"line":35,"column":3}},"line":14}},"branchMap":{"0":{"loc":{"start":{"line":18,"column":4},"end":{"line":20,"column":87}},"type":"if","locations":[{"start":{"line":18,"column":4},"end":{"line":20,"column":87}},{"start":{"line":18,"column":4},"end":{"line":20,"column":87}}],"line":18},"1":{"loc":{"start":{"line":19,"column":9},"end":{"line":20,"column":87}},"type":"if","locations":[{"start":{"line":19,"column":9},"end":{"line":20,"column":87}},{"start":{"line":19,"column":9},"end":{"line":20,"column":87}}],"line":19},"2":{"loc":{"start":{"line":20,"column":9},"end":{"line":20,"column":87}},"type":"if","locations":[{"start":{"line":20,"column":9},"end":{"line":20,"column":87}},{"start":{"line":20,"column":9},"end":{"line":20,"column":87}}],"line":20}},"s":{"0":5,"1":5,"2":1,"3":8,"4":8,"5":8,"6":5,"7":3,"8":1,"9":2,"10":2,"11":8,"12":3,"13":3},"f":{"0":5,"1":1,"2":8},"b":{"0":[5,3],"1":[1,2],"2":[2,0]},"_coverageSchema":"332fd63041d2c1bcb487cc26dd0d5f7d97098a6c","hash":"ad0b49f2a11a62221ec6e64910840cd73458ceac"}
,"/Users/anthonynwosu/Desktop/helios-ah-frontend/src/components/FlashMessagesList.jsx": {"path":"/Users/anthonynwosu/Desktop/helios-ah-frontend/src/components/FlashMessagesList.jsx","statementMap":{"0":{"start":{"line":8,"column":32},"end":{"line":23,"column":1}},"1":{"start":{"line":12,"column":5},"end":{"line":12,"column":10}},"2":{"start":{"line":13,"column":1},"end":{"line":22,"column":3}},"3":{"start":{"line":15,"column":5},"end":{"line":20,"column":7}},"4":{"start":{"line":25,"column":0},"end":{"line":28,"column":2}},"5":{"start":{"line":30,"column":31},"end":{"line":32,"column":2}},"6":{"start":{"line":30,"column":41},"end":{"line":32,"column":1}},"7":{"start":{"line":34,"column":34},"end":{"line":36,"column":1}}},"fnMap":{"0":{"name":"(anonymous_0)","decl":{"start":{"line":8,"column":32},"end":{"line":8,"column":33}},"loc":{"start":{"line":8,"column":43},"end":{"line":23,"column":1}},"line":8},"1":{"name":"(anonymous_1)","decl":{"start":{"line":14,"column":22},"end":{"line":14,"column":23}},"loc":{"start":{"line":15,"column":5},"end":{"line":20,"column":7}},"line":15},"2":{"name":"(anonymous_2)","decl":{"start":{"line":30,"column":31},"end":{"line":30,"column":32}},"loc":{"start":{"line":30,"column":41},"end":{"line":32,"column":1}},"line":30}},"branchMap":{},"s":{"0":2,"1":1,"2":1,"3":2,"4":2,"5":2,"6":2,"7":2},"f":{"0":1,"1":2,"2":2},"b":{},"_coverageSchema":"332fd63041d2c1bcb487cc26dd0d5f7d97098a6c","hash":"87f7c130713f24571a7e7f28d63650f53d5ea915"}
,"/Users/anthonynwosu/Desktop/helios-ah-frontend/src/components/SubmitButton.jsx": {"path":"/Users/anthonynwosu/Desktop/helios-ah-frontend/src/components/SubmitButton.jsx","statementMap":{"0":{"start":{"line":4,"column":21},"end":{"line":21,"column":1}},"1":{"start":{"line":8,"column":2},"end":{"line":20,"column":8}},"2":{"start":{"line":23,"column":0},"end":{"line":30,"column":2}},"3":{"start":{"line":32,"column":0},"end":{"line":35,"column":1}}},"fnMap":{"0":{"name":"(anonymous_0)","decl":{"start":{"line":4,"column":21},"end":{"line":4,"column":22}},"loc":{"start":{"line":8,"column":2},"end":{"line":20,"column":8}},"line":8}},"branchMap":{},"s":{"0":2,"1":1,"2":2,"3":2},"f":{"0":1},"b":{},"_coverageSchema":"332fd63041d2c1bcb487cc26dd0d5f7d97098a6c","hash":"e004efa58da41c9e313c9ad4af299bd8064c637c"}
,"/Users/anthonynwosu/Desktop/helios-ah-frontend/src/components/TextFieldGroup.jsx": {"path":"/Users/anthonynwosu/Desktop/helios-ah-frontend/src/components/TextFieldGroup.jsx","statementMap":{"0":{"start":{"line":6,"column":23},"end":{"line":43,"column":1}},"1":{"start":{"line":22,"column":2},"end":{"line":23,"column":62}},"2":{"start":{"line":22,"column":13},"end":{"line":22,"column":69}},"3":{"start":{"line":23,"column":7},"end":{"line":23,"column":62}},"4":{"start":{"line":24,"column":2},"end":{"line":25,"column":67}},"5":{"start":{"line":24,"column":13},"end":{"line":24,"column":54}},"6":{"start":{"line":25,"column":7},"end":{"line":25,"column":67}},"7":{"start":{"line":25,"column":28},"end":{"line":25,"column":67}},"8":{"start":{"line":26,"column":2},"end":{"line":42,"column":3}},"9":{"start":{"line":45,"column":0},"end":{"line":61,"column":1}},"10":{"start":{"line":63,"column":0},"end":{"line":65,"column":2}}},"fnMap":{"0":{"name":"(anonymous_0)","decl":{"start":{"line":6,"column":23},"end":{"line":6,"column":24}},"loc":{"start":{"line":18,"column":6},"end":{"line":43,"column":1}},"line":18}},"branchMap":{"0":{"loc":{"start":{"line":22,"column":2},"end":{"line":23,"column":62}},"type":"if","locations":[{"start":{"line":22,"column":2},"end":{"line":23,"column":62}},{"start":{"line":22,"column":2},"end":{"line":23,"column":62}}],"line":22},"1":{"loc":{"start":{"line":24,"column":2},"end":{"line":25,"column":67}},"type":"if","locations":[{"start":{"line":24,"column":2},"end":{"line":25,"column":67}},{"start":{"line":24,"column":2},"end":{"line":25,"column":67}}],"line":24},"2":{"loc":{"start":{"line":25,"column":7},"end":{"line":25,"column":67}},"type":"if","locations":[{"start":{"line":25,"column":7},"end":{"line":25,"column":67}},{"start":{"line":25,"column":7},"end":{"line":25,"column":67}}],"line":25},"3":{"loc":{"start":{"line":25,"column":11},"end":{"line":25,"column":26}},"type":"binary-expr","locations":[{"start":{"line":25,"column":11},"end":{"line":25,"column":16}},{"start":{"line":25,"column":20},"end":{"line":25,"column":26}}],"line":25},"4":{"loc":{"start":{"line":39,"column":9},"end":{"line":39,"column":23}},"type":"binary-expr","locations":[{"start":{"line":39,"column":9},"end":{"line":39,"column":14}},{"start":{"line":39,"column":18},"end":{"line":39,"column":23}}],"line":39}},"s":{"0":2,"1":5,"2":3,"3":2,"4":5,"5":3,"6":2,"7":1,"8":5,"9":2,"10":2},"f":{"0":5},"b":{"0":[3,2],"1":[3,2],"2":[1,1],"3":[2,1],"4":[5,3]},"_coverageSchema":"332fd63041d2c1bcb487cc26dd0d5f7d97098a6c","hash":"3d9b76c8c814d5101bfeb7ed649aa632d2d6a7ff"}
,"/Users/anthonynwosu/Desktop/helios-ah-frontend/src/utils/frontendValidation.js": {"path":"/Users/anthonynwosu/Desktop/helios-ah-frontend/src/utils/frontendValidation.js","statementMap":{"0":{"start":{"line":1,"column":27},"end":{"line":20,"column":1}},"1":{"start":{"line":2,"column":17},"end":{"line":2,"column":19}},"2":{"start":{"line":3,"column":2},"end":{"line":5,"column":3}},"3":{"start":{"line":4,"column":4},"end":{"line":4,"column":41}},"4":{"start":{"line":6,"column":2},"end":{"line":8,"column":3}},"5":{"start":{"line":7,"column":4},"end":{"line":7,"column":35}},"6":{"start":{"line":10,"column":2},"end":{"line":12,"column":3}},"7":{"start":{"line":11,"column":4},"end":{"line":11,"column":44}},"8":{"start":{"line":13,"column":2},"end":{"line":15,"column":3}},"9":{"start":{"line":14,"column":4},"end":{"line":14,"column":34}},"10":{"start":{"line":16,"column":2},"end":{"line":18,"column":3}},"11":{"start":{"line":17,"column":4},"end":{"line":17,"column":50}},"12":{"start":{"line":19,"column":2},"end":{"line":19,"column":16}}},"fnMap":{"0":{"name":"(anonymous_0)","decl":{"start":{"line":1,"column":27},"end":{"line":1,"column":28}},"loc":{"start":{"line":1,"column":37},"end":{"line":20,"column":1}},"line":1}},"branchMap":{"0":{"loc":{"start":{"line":3,"column":2},"end":{"line":5,"column":3}},"type":"if","locations":[{"start":{"line":3,"column":2},"end":{"line":5,"column":3}},{"start":{"line":3,"column":2},"end":{"line":5,"column":3}}],"line":3},"1":{"loc":{"start":{"line":6,"column":2},"end":{"line":8,"column":3}},"type":"if","locations":[{"start":{"line":6,"column":2},"end":{"line":8,"column":3}},{"start":{"line":6,"column":2},"end":{"line":8,"column":3}}],"line":6},"2":{"loc":{"start":{"line":10,"column":2},"end":{"line":12,"column":3}},"type":"if","locations":[{"start":{"line":10,"column":2},"end":{"line":12,"column":3}},{"start":{"line":10,"column":2},"end":{"line":12,"column":3}}],"line":10},"3":{"loc":{"start":{"line":13,"column":2},"end":{"line":15,"column":3}},"type":"if","locations":[{"start":{"line":13,"column":2},"end":{"line":15,"column":3}},{"start":{"line":13,"column":2},"end":{"line":15,"column":3}}],"line":13},"4":{"loc":{"start":{"line":13,"column":6},"end":{"line":13,"column":76}},"type":"binary-expr","locations":[{"start":{"line":13,"column":6},"end":{"line":13,"column":16}},{"start":{"line":13,"column":20},"end":{"line":13,"column":76}}],"line":13},"5":{"loc":{"start":{"line":16,"column":2},"end":{"line":18,"column":3}},"type":"if","locations":[{"start":{"line":16,"column":2},"end":{"line":18,"column":3}},{"start":{"line":16,"column":2},"end":{"line":18,"column":3}}],"line":16}},"s":{"0":1,"1":11,"2":11,"3":6,"4":11,"5":5,"6":11,"7":6,"8":11,"9":1,"10":11,"11":5,"12":11},"f":{"0":11},"b":{"0":[6,5],"1":[5,6],"2":[6,5],"3":[1,10],"4":[11,5],"5":[5,6]},"_coverageSchema":"332fd63041d2c1bcb487cc26dd0d5f7d97098a6c","hash":"a5444d4012c5c782095f8a49ffda861910b7d083"}
,"/Users/anthonynwosu/Desktop/helios-ah-frontend/src/views/LoginPage.js": {"path":"/Users/anthonynwosu/Desktop/helios-ah-frontend/src/views/LoginPage.js","statementMap":{"0":{"start":{"line":11,"column":4},"end":{"line":11,"column":16}},"1":{"start":{"line":12,"column":4},"end":{"line":17,"column":5}},"2":{"start":{"line":18,"column":4},"end":{"line":18,"column":45}},"3":{"start":{"line":19,"column":4},"end":{"line":19,"column":45}},"4":{"start":{"line":20,"column":4},"end":{"line":20,"column":41}},"5":{"start":{"line":21,"column":4},"end":{"line":21,"column":43}},"6":{"start":{"line":22,"column":4},"end":{"line":22,"column":25}},"7":{"start":{"line":23,"column":4},"end":{"line":23,"column":26}},"8":{"start":{"line":27,"column":4},"end":{"line":29,"column":6}},"9":{"start":{"line":33,"column":18},"end":{"line":33,"column":31}},"10":{"start":{"line":34,"column":18},"end":{"line":34,"column":32}},"11":{"start":{"line":35,"column":4},"end":{"line":44,"column":6}},"12":{"start":{"line":36,"column":21},"end":{"line":36,"column":51}},"13":{"start":{"line":37,"column":6},"end":{"line":42,"column":7}},"14":{"start":{"line":38,"column":8},"end":{"line":38,"column":48}},"15":{"start":{"line":39,"column":8},"end":{"line":39,"column":59}},"16":{"start":{"line":41,"column":8},"end":{"line":41,"column":41}},"17":{"start":{"line":43,"column":6},"end":{"line":43,"column":50}},"18":{"start":{"line":48,"column":19},"end":{"line":48,"column":49}},"19":{"start":{"line":49,"column":4},"end":{"line":52,"column":5}},"20":{"start":{"line":50,"column":6},"end":{"line":50,"column":31}},"21":{"start":{"line":51,"column":6},"end":{"line":51,"column":18}},"22":{"start":{"line":53,"column":4},"end":{"line":53,"column":16}},"23":{"start":{"line":57,"column":18},"end":{"line":57,"column":31}},"24":{"start":{"line":58,"column":19},"end":{"line":58,"column":49}},"25":{"start":{"line":59,"column":4},"end":{"line":64,"column":5}},"26":{"start":{"line":60,"column":6},"end":{"line":60,"column":45}},"27":{"start":{"line":61,"column":6},"end":{"line":61,"column":56}},"28":{"start":{"line":63,"column":6},"end":{"line":63,"column":38}},"29":{"start":{"line":65,"column":4},"end":{"line":65,"column":47}},"30":{"start":{"line":69,"column":4},"end":{"line":69,"column":23}},"31":{"start":{"line":70,"column":4},"end":{"line":70,"column":36}},"32":{"start":{"line":71,"column":4},"end":{"line":95,"column":5}},"33":{"start":{"line":72,"column":6},"end":{"line":72,"column":52}},"34":{"start":{"line":73,"column":28},"end":{"line":73,"column":69}},"35":{"start":{"line":74,"column":6},"end":{"line":94,"column":7}},"36":{"start":{"line":75,"column":8},"end":{"line":75,"column":43}},"37":{"start":{"line":76,"column":8},"end":{"line":93,"column":9}},"38":{"start":{"line":77,"column":10},"end":{"line":80,"column":12}},"39":{"start":{"line":82,"column":13},"end":{"line":93,"column":9}},"40":{"start":{"line":83,"column":10},"end":{"line":86,"column":12}},"41":{"start":{"line":89,"column":10},"end":{"line":92,"column":12}},"42":{"start":{"line":99,"column":23},"end":{"line":99,"column":33}},"43":{"start":{"line":100,"column":4},"end":{"line":166,"column":6}}},"fnMap":{"0":{"name":"(anonymous_0)","decl":{"start":{"line":10,"column":2},"end":{"line":10,"column":3}},"loc":{"start":{"line":10,"column":21},"end":{"line":24,"column":3}},"line":10},"1":{"name":"(anonymous_1)","decl":{"start":{"line":26,"column":2},"end":{"line":26,"column":3}},"loc":{"start":{"line":26,"column":14},"end":{"line":30,"column":3}},"line":26},"2":{"name":"(anonymous_2)","decl":{"start":{"line":32,"column":2},"end":{"line":32,"column":3}},"loc":{"start":{"line":32,"column":13},"end":{"line":45,"column":3}},"line":32},"3":{"name":"(anonymous_3)","decl":{"start":{"line":35,"column":38},"end":{"line":35,"column":39}},"loc":{"start":{"line":35,"column":44},"end":{"line":44,"column":5}},"line":35},"4":{"name":"(anonymous_4)","decl":{"start":{"line":47,"column":2},"end":{"line":47,"column":3}},"loc":{"start":{"line":47,"column":12},"end":{"line":54,"column":3}},"line":47},"5":{"name":"(anonymous_5)","decl":{"start":{"line":56,"column":2},"end":{"line":56,"column":3}},"loc":{"start":{"line":56,"column":12},"end":{"line":66,"column":3}},"line":56},"6":{"name":"(anonymous_6)","decl":{"start":{"line":68,"column":2},"end":{"line":68,"column":3}},"loc":{"start":{"line":68,"column":20},"end":{"line":96,"column":3}},"line":68},"7":{"name":"(anonymous_7)","decl":{"start":{"line":98,"column":2},"end":{"line":98,"column":3}},"loc":{"start":{"line":98,"column":11},"end":{"line":167,"column":3}},"line":98}},"branchMap":{"0":{"loc":{"start":{"line":37,"column":6},"end":{"line":42,"column":7}},"type":"if","locations":[{"start":{"line":37,"column":6},"end":{"line":42,"column":7}},{"start":{"line":37,"column":6},"end":{"line":42,"column":7}}],"line":37},"1":{"loc":{"start":{"line":49,"column":4},"end":{"line":52,"column":5}},"type":"if","locations":[{"start":{"line":49,"column":4},"end":{"line":52,"column":5}},{"start":{"line":49,"column":4},"end":{"line":52,"column":5}}],"line":49},"2":{"loc":{"start":{"line":59,"column":4},"end":{"line":64,"column":5}},"type":"if","locations":[{"start":{"line":59,"column":4},"end":{"line":64,"column":5}},{"start":{"line":59,"column":4},"end":{"line":64,"column":5}}],"line":59},"3":{"loc":{"start":{"line":71,"column":4},"end":{"line":95,"column":5}},"type":"if","locations":[{"start":{"line":71,"column":4},"end":{"line":95,"column":5}},{"start":{"line":71,"column":4},"end":{"line":95,"column":5}}],"line":71},"4":{"loc":{"start":{"line":74,"column":6},"end":{"line":94,"column":7}},"type":"if","locations":[{"start":{"line":74,"column":6},"end":{"line":94,"column":7}},{"start":{"line":74,"column":6},"end":{"line":94,"column":7}}],"line":74},"5":{"loc":{"start":{"line":76,"column":8},"end":{"line":93,"column":9}},"type":"if","locations":[{"start":{"line":76,"column":8},"end":{"line":93,"column":9}},{"start":{"line":76,"column":8},"end":{"line":93,"column":9}}],"line":76},"6":{"loc":{"start":{"line":82,"column":13},"end":{"line":93,"column":9}},"type":"if","locations":[{"start":{"line":82,"column":13},"end":{"line":93,"column":9}},{"start":{"line":82,"column":13},"end":{"line":93,"column":9}}],"line":82},"7":{"loc":{"start":{"line":117,"column":23},"end":{"line":117,"column":45}},"type":"binary-expr","locations":[{"start":{"line":117,"column":23},"end":{"line":117,"column":29}},{"start":{"line":117,"column":33},"end":{"line":117,"column":45}}],"line":117},"8":{"loc":{"start":{"line":128,"column":23},"end":{"line":128,"column":48}},"type":"binary-expr","locations":[{"start":{"line":128,"column":23},"end":{"line":128,"column":29}},{"start":{"line":128,"column":33},"end":{"line":128,"column":48}}],"line":128}},"s":{"0":2,"1":2,"2":2,"3":2,"4":2,"5":2,"6":2,"7":2,"8":2,"9":2,"10":2,"11":2,"12":2,"13":2,"14":1,"15":1,"16":1,"17":2,"18":6,"19":6,"20":3,"21":3,"22":3,"23":3,"24":3,"25":3,"26":2,"27":2,"28":1,"29":3,"30":3,"31":3,"32":3,"33":2,"34":2,"35":2,"36":0,"37":0,"38":0,"39":0,"40":0,"41":0,"42":28,"43":28},"f":{"0":2,"1":2,"2":2,"3":2,"4":6,"5":3,"6":3,"7":28},"b":{"0":[1,1],"1":[3,3],"2":[2,1],"3":[2,1],"4":[0,2],"5":[0,0],"6":[0,0],"7":[28,28],"8":[28,28]},"_coverageSchema":"332fd63041d2c1bcb487cc26dd0d5f7d97098a6c","hash":"45778fa8b10238da7c0c29a11abb3655c8244a3c"}
}
