TN:
SF:/Users/anthonynwosu/Desktop/helios-ah-frontend/src/setupTests.js
FNF:0
FNH:0
DA:4,6
LF:1
LH:1
BRF:0
BRH:0
end_of_record
TN:
SF:/Users/anthonynwosu/Desktop/helios-ah-frontend/src/actionTypes/index.js
FNF:0
FNH:0
DA:1,3
DA:2,3
DA:3,3
DA:4,3
DA:5,3
DA:6,3
LF:6
LH:6
BRF:0
BRH:0
end_of_record
TN:
SF:/Users/anthonynwosu/Desktop/helios-ah-frontend/src/actions/flashActions.js
FN:4,(anonymous_0)
FN:11,(anonymous_1)
FN:19,(anonymous_2)
FNF:3
FNH:3
FNDA:1,(anonymous_0)
FNDA:1,(anonymous_1)
FNDA:1,(anonymous_2)
DA:4,3
DA:5,1
DA:11,3
DA:12,1
DA:19,3
DA:20,1
LF:6
LH:6
BRF:0
BRH:0
end_of_record
TN:
SF:/Users/anthonynwosu/Desktop/helios-ah-frontend/src/components/FlashMessage.jsx
FN:5,(anonymous_0)
FN:10,(anonymous_1)
FN:14,(anonymous_2)
FNF:3
FNH:3
FNDA:5,(anonymous_0)
FNDA:1,(anonymous_1)
FNDA:8,(anonymous_2)
DA:6,5
DA:7,5
DA:11,1
DA:16,8
DA:17,8
DA:18,8
DA:19,3
DA:20,2
DA:22,8
DA:38,3
DA:44,3
LF:11
LH:11
BRDA:18,0,0,5
BRDA:18,0,1,3
BRDA:19,1,0,1
BRDA:19,1,1,2
BRDA:20,2,0,2
BRDA:20,2,1,0
BRF:6
BRH:5
end_of_record
TN:
SF:/Users/anthonynwosu/Desktop/helios-ah-frontend/src/components/FlashMessagesList.jsx
FN:8,(anonymous_0)
FN:14,(anonymous_1)
FN:30,(anonymous_2)
FNF:3
FNH:3
FNDA:1,(anonymous_0)
FNDA:2,(anonymous_1)
FNDA:2,(anonymous_2)
DA:8,2
DA:12,1
DA:13,1
DA:15,2
DA:25,2
DA:30,2
DA:34,2
LF:7
LH:7
BRF:0
BRH:0
end_of_record
TN:
SF:/Users/anthonynwosu/Desktop/helios-ah-frontend/src/components/SubmitButton.jsx
FN:4,(anonymous_0)
FNF:1
FNH:1
FNDA:1,(anonymous_0)
DA:4,2
DA:8,1
DA:23,2
DA:32,2
LF:4
LH:4
BRF:0
BRH:0
end_of_record
TN:
SF:/Users/anthonynwosu/Desktop/helios-ah-frontend/src/components/TextFieldGroup.jsx
FN:6,(anonymous_0)
FNF:1
FNH:1
FNDA:5,(anonymous_0)
DA:6,2
DA:22,5
DA:23,2
DA:24,5
DA:25,2
DA:26,5
DA:45,2
DA:63,2
LF:8
LH:8
BRDA:22,0,0,3
BRDA:22,0,1,2
BRDA:24,1,0,3
BRDA:24,1,1,2
BRDA:25,2,0,1
BRDA:25,2,1,1
BRDA:25,3,0,2
BRDA:25,3,1,1
BRDA:39,4,0,5
BRDA:39,4,1,3
BRF:10
BRH:10
end_of_record
TN:
SF:/Users/anthonynwosu/Desktop/helios-ah-frontend/src/utils/frontendValidation.js
FN:1,(anonymous_0)
FNF:1
FNH:1
FNDA:11,(anonymous_0)
DA:1,1
DA:2,11
DA:3,11
DA:4,6
DA:6,11
DA:7,5
DA:10,11
DA:11,6
DA:13,11
DA:14,1
DA:16,11
DA:17,5
DA:19,11
LF:13
LH:13
BRDA:3,0,0,6
BRDA:3,0,1,5
BRDA:6,1,0,5
BRDA:6,1,1,6
BRDA:10,2,0,6
BRDA:10,2,1,5
BRDA:13,3,0,1
BRDA:13,3,1,10
BRDA:13,4,0,11
BRDA:13,4,1,5
BRDA:16,5,0,5
BRDA:16,5,1,6
BRF:12
BRH:12
end_of_record
TN:
SF:/Users/anthonynwosu/Desktop/helios-ah-frontend/src/views/LoginPage.js
FN:10,(anonymous_0)
FN:26,(anonymous_1)
FN:32,(anonymous_2)
FN:35,(anonymous_3)
FN:47,(anonymous_4)
FN:56,(anonymous_5)
FN:68,(anonymous_6)
FN:98,(anonymous_7)
FNF:8
FNH:8
FNDA:2,(anonymous_0)
FNDA:2,(anonymous_1)
FNDA:2,(anonymous_2)
FNDA:2,(anonymous_3)
FNDA:6,(anonymous_4)
FNDA:3,(anonymous_5)
FNDA:3,(anonymous_6)
FNDA:28,(anonymous_7)
DA:11,2
DA:12,2
DA:18,2
DA:19,2
DA:20,2
DA:21,2
DA:22,2
DA:23,2
DA:27,2
DA:33,2
DA:34,2
DA:35,2
DA:36,2
DA:37,2
DA:38,1
DA:39,1
DA:41,1
DA:43,2
DA:48,6
DA:49,6
DA:50,3
DA:51,3
DA:53,3
DA:57,3
DA:58,3
DA:59,3
DA:60,2
DA:61,2
DA:63,1
DA:65,3
DA:69,3
DA:70,3
DA:71,3
DA:72,2
DA:73,2
DA:74,2
DA:75,0
DA:76,0
DA:77,0
DA:82,0
DA:83,0
DA:89,0
DA:99,28
DA:100,28
LF:44
LH:38
BRDA:37,0,0,1
BRDA:37,0,1,1
BRDA:49,1,0,3
BRDA:49,1,1,3
BRDA:59,2,0,2
BRDA:59,2,1,1
BRDA:71,3,0,2
BRDA:71,3,1,1
BRDA:74,4,0,0
BRDA:74,4,1,2
BRDA:76,5,0,0
BRDA:76,5,1,0
BRDA:82,6,0,0
BRDA:82,6,1,0
BRDA:117,7,0,28
BRDA:117,7,1,28
BRDA:128,8,0,28
BRDA:128,8,1,28
BRF:18
BRH:13
end_of_record
