TN:
SF:/Users/anthonynwosu/Desktop/helios-ah-frontend/src/routes.jsx
FNF:0
FNH:0
DA:7,1
LF:1
LH:1
BRF:0
BRH:0
end_of_record
TN:
SF:/Users/anthonynwosu/Desktop/helios-ah-frontend/src/setupTests.js
FNF:0
FNH:0
DA:4,10
LF:1
LH:1
BRF:0
BRH:0
end_of_record
TN:
SF:/Users/anthonynwosu/Desktop/helios-ah-frontend/src/actionTypes/index.js
FNF:0
FNH:0
DA:3,5
DA:4,5
DA:5,5
DA:6,5
DA:7,5
LF:5
LH:5
BRF:0
BRH:0
end_of_record
TN:
SF:/Users/anthonynwosu/Desktop/helios-ah-frontend/src/actionTypes/signupActionTypes.js
FNF:0
FNH:0
DA:1,5
DA:2,5
LF:2
LH:2
BRF:0
BRH:0
end_of_record
TN:
SF:/Users/anthonynwosu/Desktop/helios-ah-frontend/src/actions/flashActions.js
FN:8,(anonymous_0)
FN:13,(anonymous_1)
FN:19,(anonymous_2)
FNF:3
FNH:3
FNDA:1,(anonymous_0)
FNDA:1,(anonymous_1)
FNDA:1,(anonymous_2)
DA:8,4
DA:13,4
DA:19,4
LF:3
LH:3
BRF:0
BRH:0
end_of_record
TN:
SF:/Users/anthonynwosu/Desktop/helios-ah-frontend/src/actions/loginActions.js
FN:8,(anonymous_0)
FN:13,(anonymous_1)
FN:18,(anonymous_2)
FNF:3
FNH:3
FNDA:1,(anonymous_0)
FNDA:1,(anonymous_1)
FNDA:1,(anonymous_2)
DA:8,2
DA:13,2
DA:14,1
DA:18,1
DA:20,1
DA:21,1
DA:27,1
DA:28,1
DA:29,1
DA:30,1
DA:31,1
DA:32,1
DA:34,0
LF:13
LH:12
BRF:0
BRH:0
end_of_record
TN:
SF:/Users/anthonynwosu/Desktop/helios-ah-frontend/src/actions/signupActions.js
FN:3,(anonymous_0)
FN:3,(anonymous_1)
FN:4,(anonymous_2)
FN:4,(anonymous_3)
FNF:4
FNH:0
FNDA:0,(anonymous_0)
FNDA:0,(anonymous_1)
FNDA:0,(anonymous_2)
FNDA:0,(anonymous_3)
DA:3,1
DA:4,0
DA:5,0
DA:6,0
DA:11,0
LF:5
LH:1
BRDA:5,0,0,0
BRDA:5,0,1,0
BRF:2
BRH:0
end_of_record
TN:
SF:/Users/anthonynwosu/Desktop/helios-ah-frontend/src/components/App.jsx
FN:4,(anonymous_0)
FNF:1
FNH:0
FNDA:0,(anonymous_0)
DA:4,1
DA:5,0
LF:2
LH:1
BRF:0
BRH:0
end_of_record
TN:
SF:/Users/anthonynwosu/Desktop/helios-ah-frontend/src/components/Button.jsx
FN:4,(anonymous_0)
FNF:1
FNH:1
FNDA:1,(anonymous_0)
DA:4,3
DA:12,1
DA:27,3
LF:3
LH:3
BRF:0
BRH:0
end_of_record
TN:
SF:/Users/anthonynwosu/Desktop/helios-ah-frontend/src/components/FlashMessage.jsx
FN:5,(anonymous_0)
FN:15,(anonymous_1)
FN:58,(anonymous_2)
FNF:3
FNH:2
FNDA:1,(anonymous_0)
FNDA:6,(anonymous_1)
FNDA:0,(anonymous_2)
DA:11,1
DA:12,1
DA:22,6
DA:23,6
DA:24,6
DA:25,2
DA:26,1
DA:27,1
DA:28,1
DA:31,6
DA:47,4
DA:56,4
DA:58,0
LF:13
LH:12
BRDA:24,0,0,4
BRDA:24,0,1,2
BRDA:25,1,0,1
BRDA:25,1,1,1
BRDA:27,2,0,1
BRDA:27,2,1,0
BRF:6
BRH:5
end_of_record
TN:
SF:/Users/anthonynwosu/Desktop/helios-ah-frontend/src/components/FlashMessagesList.jsx
FN:8,(anonymous_0)
FN:10,(anonymous_1)
FN:39,(anonymous_2)
FNF:3
FNH:1
FNDA:0,(anonymous_0)
FNDA:0,(anonymous_1)
FNDA:1,(anonymous_2)
DA:8,3
DA:9,0
DA:10,0
DA:11,0
DA:18,0
DA:26,3
DA:35,3
DA:39,3
DA:43,3
LF:9
LH:5
BRF:0
BRH:0
end_of_record
TN:
SF:/Users/anthonynwosu/Desktop/helios-ah-frontend/src/components/FormInput.jsx
FN:4,(anonymous_0)
FNF:1
FNH:0
FNDA:0,(anonymous_0)
DA:4,2
DA:7,0
DA:20,2
LF:3
LH:2
BRF:0
BRH:0
end_of_record
TN:
SF:/Users/anthonynwosu/Desktop/helios-ah-frontend/src/components/Links.jsx
FN:4,(anonymous_0)
FNF:1
FNH:0
FNDA:0,(anonymous_0)
DA:4,1
DA:5,0
LF:2
LH:1
BRF:0
BRH:0
end_of_record
TN:
SF:/Users/anthonynwosu/Desktop/helios-ah-frontend/src/components/LoginForm.jsx
FN:9,(anonymous_0)
FNF:1
FNH:1
FNDA:1,(anonymous_0)
DA:9,2
DA:19,1
DA:93,2
LF:3
LH:3
BRDA:34,0,0,1
BRDA:34,0,1,0
BRDA:45,1,0,1
BRDA:45,1,1,0
BRF:4
BRH:2
end_of_record
TN:
SF:/Users/anthonynwosu/Desktop/helios-ah-frontend/src/components/SignupForm.jsx
FN:7,(anonymous_0)
FNF:1
FNH:1
FNDA:4,(anonymous_0)
DA:7,2
DA:18,4
DA:107,2
LF:3
LH:3
BRF:0
BRH:0
end_of_record
TN:
SF:/Users/anthonynwosu/Desktop/helios-ah-frontend/src/components/SubmitButton.jsx
FN:4,(anonymous_0)
FNF:1
FNH:1
FNDA:2,(anonymous_0)
DA:4,4
DA:12,2
DA:27,4
DA:36,4
LF:4
LH:4
BRF:0
BRH:0
end_of_record
TN:
SF:/Users/anthonynwosu/Desktop/helios-ah-frontend/src/components/TextFieldGroup.jsx
FN:4,(anonymous_0)
FNF:1
FNH:1
FNDA:5,(anonymous_0)
DA:4,3
DA:19,5
DA:20,2
DA:21,5
DA:22,2
DA:23,5
DA:43,3
DA:60,3
LF:8
LH:8
BRDA:19,0,0,3
BRDA:19,0,1,2
BRDA:21,1,0,3
BRDA:21,1,1,2
BRDA:22,2,0,1
BRDA:22,2,1,1
BRDA:22,3,0,2
BRDA:22,3,1,1
BRDA:37,4,0,5
BRDA:37,4,1,3
BRF:10
BRH:10
end_of_record
TN:
SF:/Users/anthonynwosu/Desktop/helios-ah-frontend/src/components/index.js
FNF:0
FNH:0
LF:0
LH:0
BRF:0
BRH:0
end_of_record
TN:
SF:/Users/anthonynwosu/Desktop/helios-ah-frontend/src/utilities/apiRequests.js
FN:6,(anonymous_0)
FN:15,(anonymous_1)
FN:24,(anonymous_2)
FN:33,(anonymous_3)
FNF:4
FNH:0
FNDA:0,(anonymous_0)
FNDA:0,(anonymous_1)
FNDA:0,(anonymous_2)
FNDA:0,(anonymous_3)
DA:3,1
DA:6,1
DA:7,0
DA:8,0
DA:9,0
DA:11,0
DA:15,1
DA:16,0
DA:17,0
DA:18,0
DA:20,0
DA:24,1
DA:25,0
DA:26,0
DA:27,0
DA:29,0
DA:33,1
DA:34,0
DA:35,0
DA:36,0
DA:38,0
LF:21
LH:5
BRDA:3,0,0,0
BRDA:3,0,1,1
BRF:2
BRH:1
end_of_record
TN:
SF:/Users/anthonynwosu/Desktop/helios-ah-frontend/src/utilities/attachAuth.js
FN:8,(anonymous_0)
FNF:1
FNH:0
FNDA:0,(anonymous_0)
DA:8,1
DA:9,0
DA:10,0
DA:12,0
DA:13,0
DA:15,0
DA:18,0
LF:7
LH:1
BRDA:10,0,0,0
BRDA:10,0,1,0
BRDA:12,1,0,0
BRDA:12,1,1,0
BRF:4
BRH:0
end_of_record
TN:
SF:/Users/anthonynwosu/Desktop/helios-ah-frontend/src/utilities/frontendValidation.js
FN:1,(anonymous_0)
FNF:1
FNH:1
FNDA:12,(anonymous_0)
DA:1,1
DA:2,12
DA:3,12
DA:4,6
DA:6,12
DA:7,5
DA:10,12
DA:11,7
DA:13,12
DA:14,1
DA:16,12
DA:17,6
DA:19,12
LF:13
LH:13
BRDA:3,0,0,6
BRDA:3,0,1,6
BRDA:6,1,0,5
BRDA:6,1,1,7
BRDA:10,2,0,7
BRDA:10,2,1,5
BRDA:13,3,0,1
BRDA:13,3,1,11
BRDA:13,4,0,12
BRDA:13,4,1,5
BRDA:16,5,0,6
BRDA:16,5,1,6
BRF:12
BRH:12
end_of_record
TN:
SF:/Users/anthonynwosu/Desktop/helios-ah-frontend/src/utilities/index.js
FNF:0
FNH:0
LF:0
LH:0
BRF:0
BRH:0
end_of_record
TN:
SF:/Users/anthonynwosu/Desktop/helios-ah-frontend/src/utilities/reverseToken.js
FN:6,(anonymous_0)
FNF:1
FNH:1
FNDA:1,(anonymous_0)
DA:6,2
LF:1
LH:1
BRF:0
BRH:0
end_of_record
TN:
SF:/Users/anthonynwosu/Desktop/helios-ah-frontend/src/utilities/setAuthorizationToken.js
FN:3,(anonymous_0)
FNF:1
FNH:1
FNDA:1,(anonymous_0)
DA:3,2
DA:4,1
DA:5,1
DA:7,0
LF:4
LH:3
BRDA:4,0,0,1
BRDA:4,0,1,0
BRF:2
BRH:1
end_of_record
TN:
SF:/Users/anthonynwosu/Desktop/helios-ah-frontend/src/utilities/toastrUtil.js
FN:10,(anonymous_0)
FNF:1
FNH:0
FNDA:0,(anonymous_0)
DA:10,1
DA:11,0
LF:2
LH:1
BRDA:11,0,0,0
BRDA:11,0,1,0
BRF:2
BRH:0
end_of_record
TN:
SF:/Users/anthonynwosu/Desktop/helios-ah-frontend/src/views/LoginPage.jsx
FN:14,(anonymous_0)
FN:26,(anonymous_1)
FN:32,(anonymous_2)
FN:35,(anonymous_3)
FN:47,(anonymous_4)
FN:59,(anonymous_5)
FN:90,(anonymous_6)
FN:99,(anonymous_7)
FN:127,(anonymous_8)
FNF:9
FNH:8
FNDA:13,(anonymous_0)
FNDA:2,(anonymous_1)
FNDA:4,(anonymous_2)
FNDA:4,(anonymous_3)
FNDA:3,(anonymous_4)
FNDA:2,(anonymous_5)
FNDA:5,(anonymous_6)
FNDA:45,(anonymous_7)
FNDA:0,(anonymous_8)
DA:15,13
DA:16,13
DA:22,13
DA:23,13
DA:27,2
DA:33,4
DA:34,4
DA:35,4
DA:36,4
DA:37,4
DA:38,2
DA:39,2
DA:41,2
DA:43,4
DA:48,3
DA:49,3
DA:50,3
DA:51,2
DA:52,2
DA:54,1
DA:56,3
DA:60,2
DA:61,2
DA:62,2
DA:63,2
DA:64,2
DA:65,2
DA:66,2
DA:67,0
DA:68,0
DA:69,0
DA:73,0
DA:76,0
DA:81,0
DA:91,5
DA:92,5
DA:93,2
DA:94,2
DA:96,3
DA:102,45
DA:103,45
DA:120,1
DA:126,1
DA:127,0
DA:130,1
LF:45
LH:38
BRDA:37,0,0,2
BRDA:37,0,1,2
BRDA:50,1,0,2
BRDA:50,1,1,1
BRDA:63,2,0,2
BRDA:63,2,1,0
BRDA:66,3,0,0
BRDA:66,3,1,2
BRDA:68,4,0,0
BRDA:68,4,1,0
BRDA:73,5,0,0
BRDA:73,5,1,0
BRDA:92,6,0,2
BRDA:92,6,1,3
BRF:14
BRH:8
end_of_record
TN:
SF:/Users/anthonynwosu/Desktop/helios-ah-frontend/src/views/SignupPage.jsx
FN:9,(anonymous_0)
FN:23,(anonymous_1)
FN:27,(anonymous_2)
FN:39,(anonymous_3)
FN:46,(anonymous_4)
FN:52,(anonymous_5)
FN:67,(anonymous_6)
FN:68,(anonymous_7)
FNF:8
FNH:0
FNDA:0,(anonymous_0)
FNDA:0,(anonymous_1)
FNDA:0,(anonymous_2)
FNDA:0,(anonymous_3)
FNDA:0,(anonymous_4)
FNDA:0,(anonymous_5)
FNDA:0,(anonymous_6)
FNDA:0,(anonymous_7)
DA:10,0
DA:11,0
DA:19,0
DA:20,0
DA:24,0
DA:28,0
DA:31,0
DA:32,0
DA:33,0
DA:34,0
DA:36,0
DA:37,0
DA:40,0
DA:41,0
DA:42,0
DA:44,0
DA:45,0
DA:47,0
DA:48,0
DA:53,0
DA:63,1
DA:67,1
DA:68,0
LF:23
LH:2
BRDA:33,0,0,0
BRDA:33,0,1,0
BRDA:40,1,0,0
BRDA:40,1,1,0
BRF:4
BRH:0
end_of_record
TN:
SF:/Users/anthonynwosu/Desktop/helios-ah-frontend/src/views/index.js
FNF:0
FNH:0
LF:0
LH:0
BRF:0
BRH:0
end_of_record
